#-----------------------------------------------------------
# Vivado v2022.2 (64-bit)
# SW Build 3671981 on Fri Oct 14 05:00:03 MDT 2022
# IP Build 3669848 on Fri Oct 14 08:30:02 MDT 2022
# Start of session at: Mon Jan 29 21:15:16 2024
# Process ID: 23036
# Current directory: C:/Users/tekpun/Desktop/Microblazedigitalstopwatch/microblazedigital
# Command line: vivado.exe -gui_launcher_event rodinguilauncherevent18580 C:\Users\tekpun\Desktop\Microblazedigitalstopwatch\microblazedigital\microblazedigital.xpr
# Log file: C:/Users/tekpun/Desktop/Microblazedigitalstopwatch/microblazedigital/vivado.log
# Journal file: C:/Users/tekpun/Desktop/Microblazedigitalstopwatch/microblazedigital\vivado.jou
# Running On: DESKTOP-LG2R7V4, OS: Windows, CPU Frequency: 2592 MHz, CPU Physical cores: 6, Host memory: 17073 MB
#-----------------------------------------------------------
start_gui
open_project C:/Users/tekpun/Desktop/Microblazedigitalstopwatch/microblazedigital/microblazedigital.xpr
Scanning sources...
Finished scanning sources
WARNING: [Board 49-151] The current board 'digilentinc.com::nexys4_ddr:1.1' is from a local repo. The vivado install has a corresponding board with version greater than or equal to the local repo board. Please use boards from vivado install to avoid any upgrade/migrate issues
INFO: [IP_Flow 19-234] Refreshing IP repositories
INFO: [IP_Flow 19-1700] Loaded user IP repository 'c:/Users/tekpun/Desktop/Microblazedigitalstopwatch/ip_repo/dig_stopwatch_1_0'.
INFO: [IP_Flow 19-2313] Loaded Vivado IP repository 'C:/Xilinx/Vivado/2022.2/data/ip'.
open_project: Time (s): cpu = 00:00:10 ; elapsed = 00:00:06 . Memory (MB): peak = 1550.715 ; gain = 158.137
open_hw_manager
update_compile_order exit
INFO: [Common 17-206] Exiting Vivado at Mon Jan 29 21:21:19 2024...
285] Connecting to hw_server url TCP:localhost:3121
INFO: [Labtools 27-2222] Launching hw_server...
INFO: [Labtools 27-2221] Launch Output:

****** Xilinx hw_server v2022.2
  **** Build date : Oct 14 2022 at 05:18:10
    ** Copyright 1986-2022 Xilinx, Inc. All Rights Reserved.


INFO: [Labtools 27-3415] Connecting to cs_server url TCP:localhost:0
INFO: [Labtools 27-3417] Launching cs_server...
INFO: [Labtools 27-2221] Launch Output:


******** Xilinx cs_server v2022.2.0
  ****** Build date   : Oct 05 2022-00:25:37
    **** Build number : 2022.2.1664925937
      ** Copyright 2017-2024 Xilinx, Inc. All Rights Reserved.



connect_hw_server: Time (s): cpu = 00:00:00 ; elapsed = 00:00:06 . Memory (MB): peak = 1572.258 ; gain = 0.000
open_hw_target
INFO: [Labtoolstcl 44-466] Opening hw_target localhost:3121/xilinx_tcf/Digilent/210292742311A
open_hw_target: Time (s): cpu = 00:00:06 ; elapsed = 00:00:07 . Memory (MB): peak = 3718.863 ; gain = 2146.605
set_property PROGRAM.FILE {C:/Users/tekpun/Desktop/Microblazedigitalstopwatch/microblazedigital/microblazedigital.runs/impl_1/mbdesign_wrapper.bit} [get_hw_devices xc7a100t_0]
current_hw_device [get_hw_devices xc7a100t_0]
refresh_hw_device -update_hw_probes false [lindex [get_hw_devices xc7a100t_0] 0]
INFO: [Labtools 27-1434] Device xc7a100t (JTAG device index = 0) is programmed with a design that has no supported debug core(s) in it.
set_property PROBES.FILE {} [get_hw_devices xc7a100t_0]
set_property FULL_PROBES.FILE {} [get_hw_devices xc7a100t_0]
set_property PROGRAM.FILE {C:/Users/tekpun/Desktop/Microblazedigitalstopwatch/microblazedigital/microblazedigital.runs/impl_1/mbdesign_wrapper.bit} [get_hw_devices xc7a100t_0]
program_hw_devices [get_hw_devices xc7a100t_0]
INFO: [Labtools 27-3164] End of startup status: HIGH
refresh_hw_device [lindex [get_hw_devices xc7a100t_0] 0]
INFO: [Labtools 27-1434] Device xc7a100t (JTAG device index = 0) is programmed with a design that has no supported debug core(s) in it.
INFO: [Vivado 12-8231] Launching Vitis
INFO: [Vivado 12-417] Running vitis
INFO: [Vivado 12-8232] Vitis launch initiated. Please check console for any further messages.
exit
INFO: [Common 17-206] Exiting Vivado at Mon Jan 29 21:17:46 2024...
