Copyright 1986-2022 Xilinx, Inc. All Rights Reserved.
---------------------------------------------------------------------------------------------
| Tool Version : Vivado v.2022.2 (win64) Build 3671981 Fri Oct 14 05:00:03 MDT 2022
| Date         : Mon Jan 29 04:19:00 2024
| Host         : DESKTOP-LG2R7V4 running 64-bit major release  (build 9200)
| Command      : report_control_sets -verbose -file mbdesign_wrapper_control_sets_placed.rpt
| Design       : mbdesign_wrapper
| Device       : xc7a100t
---------------------------------------------------------------------------------------------

Control Set Information

Table of Contents
-----------------
1. Summary
2. Histogram
3. Flip-Flop Distribution
4. Detailed Control Set Information

1. Summary
----------

+----------------------------------------------------------+-------+
|                          Status                          | Count |
+----------------------------------------------------------+-------+
| Total control sets                                       |    99 |
|    Minimum number of control sets                        |    99 |
|    Addition due to synthesis replication                 |     0 |
|    Addition due to physical synthesis replication        |     0 |
| Unused register locations in slices containing registers |   243 |
+----------------------------------------------------------+-------+
* Control sets can be merged at opt_design using control_set_merge or merge_equivalent_drivers
** Run report_qor_suggestions for automated merging and remapping suggestions


2. Histogram
------------

+--------------------+-------+
|       Fanout       | Count |
+--------------------+-------+
| Total control sets |    99 |
| >= 0 to < 4        |    14 |
| >= 4 to < 6        |    13 |
| >= 6 to < 8        |     9 |
| >= 8 to < 10       |    25 |
| >= 10 to < 12      |     4 |
| >= 12 to < 14      |     1 |
| >= 14 to < 16      |     1 |
| >= 16              |    32 |
+--------------------+-------+
* Control sets can be remapped at either synth_design or opt_design


3. Flip-Flop Distribution
-------------------------

+--------------+-----------------------+------------------------+-----------------+--------------+
| Clock Enable | Synchronous Set/Reset | Asynchronous Set/Reset | Total Registers | Total Slices |
+--------------+-----------------------+------------------------+-----------------+--------------+
| No           | No                    | No                     |             209 |           67 |
| No           | No                    | Yes                    |              51 |           14 |
| No           | Yes                   | No                     |             294 |          112 |
| Yes          | No                    | No                     |             217 |           52 |
| Yes          | No                    | Yes                    |              47 |           17 |
| Yes          | Yes                   | No                     |             955 |          292 |
+--------------+-----------------------+------------------------+-----------------+--------------+


4. Detailed Control Set Information
-----------------------------------

+------------------------------------------------------------+------------------------------------------------------------------------------------------------------------------------------------------------------------------------------------------------------------+------------------------------------------------------------------------------------------------------------------------------------------------+------------------+----------------+--------------+
|                        Clock Signal                        |                                                                                                Enable Signal                                                                                               |                                                                Set/Reset Signal                                                                | Slice Load Count | Bel Load Count | Bels / Slice |
+------------------------------------------------------------+------------------------------------------------------------------------------------------------------------------------------------------------------------------------------------------------------------+------------------------------------------------------------------------------------------------------------------------------------------------+------------------+----------------+--------------+
|  mbdesign_i/mdm_1/U0/Use_E2.BSCAN_I/Dbg_Update_0_BUFG      | mbdesign_i/microblaze_0/U0/MicroBlaze_Core_I/Performance.Core/Use_Debug_Logic.Master_Core.Debug_Perf/Control_Reg_En                                                                                        | mbdesign_i/microblaze_0/U0/MicroBlaze_Core_I/Performance.Core/Use_Debug_Logic.Master_Core.Debug_Perf/Serial_Dbg_Intf.continue_from_brk_reg_n_0 |                1 |              1 |         1.00 |
|  mbdesign_i/mdm_1/U0/Use_E2.BSCAN_I/Dbg_Update_0_BUFG      | mbdesign_i/microblaze_0/U0/MicroBlaze_Core_I/Performance.Core/Use_Debug_Logic.Master_Core.Debug_Perf/Control_Reg_En                                                                                        | mbdesign_i/microblaze_0/U0/MicroBlaze_Core_I/Performance.Core/Use_Debug_Logic.Master_Core.Debug_Perf/Serial_Dbg_Intf.normal_stop_cmd_i_reg_n_0 |                1 |              1 |         1.00 |
|  mbdesign_i/clk_wiz_1/inst/clk_out1                        |                                                                                                                                                                                                            | mbdesign_i/axi_timer_0/U0/AXI4_LITE_I/I_SLAVE_ATTACHMENT/I_DECODER/GEN_BKEND_CE_REGISTERS[4].ce_out_i_reg[4]_0                                 |                1 |              1 |         1.00 |
|  mbdesign_i/clk_wiz_1/inst/clk_out1                        |                                                                                                                                                                                                            | mbdesign_i/axi_timer_0/U0/AXI4_LITE_I/I_SLAVE_ATTACHMENT/I_DECODER/GEN_BKEND_CE_REGISTERS[0].ce_out_i_reg[0]_0                                 |                1 |              1 |         1.00 |
|  mbdesign_i/mdm_1/U0/Use_E2.BSCAN_I/Dbg_Update_0_BUFG      | mbdesign_i/microblaze_0/U0/MicroBlaze_Core_I/Performance.Core/Use_Debug_Logic.Master_Core.Debug_Perf/Control_Reg_En                                                                                        | mbdesign_i/microblaze_0/U0/MicroBlaze_Core_I/Performance.Core/Use_Debug_Logic.Master_Core.Debug_Perf/Serial_Dbg_Intf.force_stop_cmd_i_reg_0    |                1 |              1 |         1.00 |
| ~mbdesign_i/mdm_1/U0/Use_E2.BSCAN_I/Dbg_Update_0_BUFG      |                                                                                                                                                                                                            | mbdesign_i/mdm_1/U0/MDM_Core_I1/JTAG_CONTROL_I/sel_n                                                                                           |                1 |              1 |         1.00 |
|  mbdesign_i/clk_wiz_1/inst/clk_out1                        |                                                                                                                                                                                                            | mbdesign_i/microblaze_0/U0/MicroBlaze_Core_I/Performance.Core/Use_Debug_Logic.Master_Core.Debug_Perf/Serial_Dbg_Intf.capture_1                 |                1 |              1 |         1.00 |
|  mbdesign_i/mdm_1/U0/No_Dbg_Reg_Access.BUFG_DRCK/Dbg_Clk_0 | mbdesign_i/mdm_1/U0/Use_E2.BSCAN_I/Use_E2.BSCANE2_I_0                                                                                                                                                      | mbdesign_i/mdm_1/U0/MDM_Core_I1/JTAG_CONTROL_I/Functional_Reset                                                                                |                1 |              1 |         1.00 |
| ~mbdesign_i/mdm_1/U0/No_Dbg_Reg_Access.BUFG_DRCK/Dbg_Clk_0 | mbdesign_i/mdm_1/U0/MDM_Core_I1/JTAG_CONTROL_I/Use_BSCAN.FDC_I/CE                                                                                                                                          | mbdesign_i/mdm_1/U0/MDM_Core_I1/JTAG_CONTROL_I/Use_BSCAN.FDC_I/D                                                                               |                1 |              1 |         1.00 |
|  mbdesign_i/mdm_1/U0/Use_E2.BSCAN_I/Dbg_Update_0_BUFG      | mbdesign_i/microblaze_0/U0/MicroBlaze_Core_I/Performance.Core/Use_Debug_Logic.Master_Core.Debug_Perf/Control_Reg_En                                                                                        | mbdesign_i/microblaze_0/U0/MicroBlaze_Core_I/Performance.Core/Use_Debug_Logic.Master_Core.Debug_Perf/start_single_step_reg_n_0                 |                1 |              1 |         1.00 |
|  mbdesign_i/clk_wiz_1/inst/clk_out1                        |                                                                                                                                                                                                            | mbdesign_i/axi_timer_0/U0/TC_CORE_I/TIMER_CONTROL_I/READ_DONE0_I_i_1_n_0                                                                       |                1 |              1 |         1.00 |
|  mbdesign_i/clk_wiz_1/inst/clk_out1                        |                                                                                                                                                                                                            | mbdesign_i/axi_timer_0/U0/TC_CORE_I/TIMER_CONTROL_I/READ_DONE1_I_i_1_n_0                                                                       |                1 |              1 |         1.00 |
|  mbdesign_i/mdm_1/U0/Use_E2.BSCAN_I/Dbg_Update_0_BUFG      | mbdesign_i/microblaze_0/U0/MicroBlaze_Core_I/Performance.Core/Use_Debug_Logic.Master_Core.Debug_Perf/Command_Reg_En                                                                                        | mbdesign_i/microblaze_0/U0/MicroBlaze_Core_I/Performance.Core/Use_Debug_Logic.Master_Core.Debug_Perf/command_reg_clear                         |                1 |              2 |         2.00 |
|  mbdesign_i/mdm_1/U0/Use_E2.BSCAN_I/Dbg_Update_0_BUFG      |                                                                                                                                                                                                            |                                                                                                                                                |                1 |              3 |         3.00 |
|  mbdesign_i/mdm_1/U0/Use_E2.BSCAN_I/Dbg_Update_0_BUFG      | mbdesign_i/microblaze_0/U0/MicroBlaze_Core_I/Performance.Core/Use_Debug_Logic.Master_Core.Debug_Perf/Control_Reg_En                                                                                        |                                                                                                                                                |                2 |              4 |         2.00 |
|  mbdesign_i/clk_wiz_1/inst/clk_out1                        | mbdesign_i/axi_timer_0/U0/AXI4_LITE_I/I_SLAVE_ATTACHMENT/I_DECODER/pair0_Select                                                                                                                            | mbdesign_i/axi_timer_0/U0/TC_CORE_I/GEN_SECOND_TIMER.COUNTER_1_I/COUNTER_I/s_axi_aresetn_0                                                     |                2 |              4 |         2.00 |
|  mbdesign_i/mdm_1/U0/Use_E2.BSCAN_I/Dbg_Update_0_BUFG      | mbdesign_i/mdm_1/U0/MDM_Core_I1/Use_BSCAN.MDM_SEL                                                                                                                                                          | mbdesign_i/mdm_1/U0/Use_E2.BSCAN_I/AR[0]                                                                                                       |                1 |              4 |         4.00 |
|  mbdesign_i/clk_wiz_1/inst/clk_out1                        | mbdesign_i/axi_uartlite_0/U0/AXI_LITE_IPIF_I/I_SLAVE_ATTACHMENT/start2                                                                                                                                     | mbdesign_i/axi_uartlite_0/U0/AXI_LITE_IPIF_I/I_SLAVE_ATTACHMENT/I_DECODER/cs_ce_clr                                                            |                1 |              4 |         4.00 |
|  mbdesign_i/clk_wiz_1/inst/clk_out1                        | mbdesign_i/axi_uartlite_0/U0/UARTLITE_CORE_I/BAUD_RATE_I/en_16x_Baud                                                                                                                                       |                                                                                                                                                |                1 |              4 |         4.00 |
|  mbdesign_i/clk_wiz_1/inst/clk_out1                        | mbdesign_i/dig_stopwatch_0/U0/dig_stopwatch_v1_0_S00_AXI_inst/UUI/BCD0/E[0]                                                                                                                                | mbdesign_i/dig_stopwatch_0/U0/dig_stopwatch_v1_0_S00_AXI_inst/UUI/generic_pulse/s00_axi_aresetn_0                                              |                2 |              4 |         2.00 |
|  mbdesign_i/clk_wiz_1/inst/clk_out1                        | mbdesign_i/axi_timer_0/U0/AXI4_LITE_I/I_SLAVE_ATTACHMENT/bus2ip_addr_i[4]_i_1_n_0                                                                                                                          | mbdesign_i/axi_timer_0/U0/AXI4_LITE_I/I_SLAVE_ATTACHMENT/rst                                                                                   |                2 |              4 |         2.00 |
|  mbdesign_i/clk_wiz_1/inst/clk_out1                        | mbdesign_i/dig_stopwatch_0/U0/dig_stopwatch_v1_0_S00_AXI_inst/UUI/generic_pulse/E[0]                                                                                                                       | mbdesign_i/dig_stopwatch_0/U0/dig_stopwatch_v1_0_S00_AXI_inst/UUI/generic_pulse/s00_axi_aresetn_0                                              |                1 |              4 |         4.00 |
|  mbdesign_i/clk_wiz_1/inst/clk_out1                        | mbdesign_i/dig_stopwatch_0/U0/dig_stopwatch_v1_0_S00_AXI_inst/UUI/generic_pulse/z                                                                                                                          | mbdesign_i/dig_stopwatch_0/U0/dig_stopwatch_v1_0_S00_AXI_inst/UUI/generic_pulse/s00_axi_aresetn_0                                              |                1 |              4 |         4.00 |
|  mbdesign_i/mdm_1/U0/No_Dbg_Reg_Access.BUFG_DRCK/Dbg_Clk_0 | mbdesign_i/mdm_1/U0/MDM_Core_I1/Use_BSCAN.TDI_Shifter0                                                                                                                                                     | mbdesign_i/mdm_1/U0/Use_E2.BSCAN_I/AR[0]                                                                                                       |                1 |              4 |         4.00 |
| ~mbdesign_i/mdm_1/U0/Use_E2.BSCAN_I/Dbg_Update_0_BUFG      |                                                                                                                                                                                                            | mbdesign_i/mdm_1/U0/Use_E2.BSCAN_I/AR[0]                                                                                                       |                1 |              4 |         4.00 |
|  mbdesign_i/clk_wiz_1/inst/clk_out1                        |                                                                                                                                                                                                            | mbdesign_i/rst_clk_wiz_1_100M/U0/EXT_LPF/lpf_int                                                                                               |                1 |              5 |         5.00 |
|  mbdesign_i/clk_wiz_1/inst/clk_out1                        | mbdesign_i/microblaze_0/U0/MicroBlaze_Core_I/Performance.Core/Decode_I/wb_Halted                                                                                                                           | mbdesign_i/microblaze_0/U0/MicroBlaze_Core_I/sync_reset                                                                                        |                3 |              5 |         1.67 |
|  mbdesign_i/clk_wiz_1/inst/clk_out1                        |                                                                                                                                                                                                            | mbdesign_i/axi_timer_0/U0/AXI4_LITE_I/I_SLAVE_ATTACHMENT/INCLUDE_DPHASE_TIMER.dpto_cnt[5]_i_1_n_0                                              |                2 |              6 |         3.00 |
|  mbdesign_i/clk_wiz_1/inst/clk_out1                        |                                                                                                                                                                                                            | mbdesign_i/axi_uartlite_0/U0/UARTLITE_CORE_I/UARTLITE_RX_I/SRL_FIFO_I/I_SRL_FIFO_RBU_F/CNTR_INCR_DECR_ADDN_F_I/SS[0]                           |                2 |              6 |         3.00 |
|  mbdesign_i/clk_wiz_1/inst/clk_out1                        |                                                                                                                                                                                                            | mbdesign_i/axi_uartlite_0/U0/UARTLITE_CORE_I/UARTLITE_TX_I/SRL_FIFO_I/I_SRL_FIFO_RBU_F/CNTR_INCR_DECR_ADDN_F_I/SS[0]                           |                4 |              6 |         1.50 |
|  mbdesign_i/mdm_1/U0/No_Dbg_Reg_Access.BUFG_DRCK/Dbg_Clk_0 | mbdesign_i/mdm_1/U0/Use_E2.BSCAN_I/sel                                                                                                                                                                     |                                                                                                                                                |                2 |              6 |         3.00 |
|  mbdesign_i/mdm_1/U0/No_Dbg_Reg_Access.BUFG_DRCK/Dbg_Clk_0 | mbdesign_i/mdm_1/U0/Use_E2.BSCAN_I/Use_E2.BSCANE2_I_2                                                                                                                                                      |                                                                                                                                                |                1 |              6 |         6.00 |
|  mbdesign_i/clk_wiz_1/inst/clk_out1                        | mbdesign_i/rst_clk_wiz_1_100M/U0/SEQ/seq_cnt_en                                                                                                                                                            | mbdesign_i/rst_clk_wiz_1_100M/U0/SEQ/SEQ_COUNTER/clear                                                                                         |                1 |              6 |         6.00 |
|  mbdesign_i/mdm_1/U0/No_Dbg_Reg_Access.BUFG_DRCK/Dbg_Clk_0 | mbdesign_i/mdm_1/U0/MDM_Core_I1/JTAG_CONTROL_I/Use_BSCAN.FDC_I/sample_1                                                                                                                                    |                                                                                                                                                |                1 |              6 |         6.00 |
|  mbdesign_i/clk_wiz_1/inst/clk_out1                        | mbdesign_i/axi_uartlite_0/U0/UARTLITE_CORE_I/BAUD_RATE_I/en_16x_Baud                                                                                                                                       | mbdesign_i/axi_uartlite_0/U0/UARTLITE_CORE_I/UARTLITE_RX_I/SERIAL_TO_PARALLEL[8].fifo_din[8]_i_1_n_0                                           |                1 |              7 |         7.00 |
|  mbdesign_i/clk_wiz_1/inst/clk_out1                        | mbdesign_i/axi_timer_0/U0/AXI4_LITE_I/I_SLAVE_ATTACHMENT/start2                                                                                                                                            | mbdesign_i/axi_timer_0/U0/AXI4_LITE_I/I_SLAVE_ATTACHMENT/I_DECODER/cs_ce_clr                                                                   |                2 |              7 |         3.50 |
|  mbdesign_i/clk_wiz_1/inst/clk_out1                        | mbdesign_i/dig_stopwatch_0/U0/dig_stopwatch_v1_0_S00_AXI_inst/slv_reg2[23]_i_1_n_0                                                                                                                         | mbdesign_i/dig_stopwatch_0/U0/dig_stopwatch_v1_0_S00_AXI_inst/UUI/generic_pulse/s00_axi_aresetn_0                                              |                2 |              8 |         4.00 |
|  mbdesign_i/clk_wiz_1/inst/clk_out1                        | mbdesign_i/dig_stopwatch_0/U0/dig_stopwatch_v1_0_S00_AXI_inst/slv_reg2[31]_i_1_n_0                                                                                                                         | mbdesign_i/dig_stopwatch_0/U0/dig_stopwatch_v1_0_S00_AXI_inst/UUI/generic_pulse/s00_axi_aresetn_0                                              |                1 |              8 |         8.00 |
|  mbdesign_i/clk_wiz_1/inst/clk_out1                        | mbdesign_i/dig_stopwatch_0/U0/dig_stopwatch_v1_0_S00_AXI_inst/slv_reg0[15]_i_1_n_0                                                                                                                         | mbdesign_i/dig_stopwatch_0/U0/dig_stopwatch_v1_0_S00_AXI_inst/UUI/generic_pulse/s00_axi_aresetn_0                                              |                1 |              8 |         8.00 |
|  mbdesign_i/clk_wiz_1/inst/clk_out1                        | mbdesign_i/dig_stopwatch_0/U0/dig_stopwatch_v1_0_S00_AXI_inst/slv_reg1[31]_i_1_n_0                                                                                                                         | mbdesign_i/dig_stopwatch_0/U0/dig_stopwatch_v1_0_S00_AXI_inst/UUI/generic_pulse/s00_axi_aresetn_0                                              |                2 |              8 |         4.00 |
|  mbdesign_i/clk_wiz_1/inst/clk_out1                        | mbdesign_i/dig_stopwatch_0/U0/dig_stopwatch_v1_0_S00_AXI_inst/slv_reg0[23]_i_1_n_0                                                                                                                         | mbdesign_i/dig_stopwatch_0/U0/dig_stopwatch_v1_0_S00_AXI_inst/UUI/generic_pulse/s00_axi_aresetn_0                                              |                3 |              8 |         2.67 |
|  mbdesign_i/clk_wiz_1/inst/clk_out1                        | mbdesign_i/dig_stopwatch_0/U0/dig_stopwatch_v1_0_S00_AXI_inst/slv_reg1[15]_i_1_n_0                                                                                                                         | mbdesign_i/dig_stopwatch_0/U0/dig_stopwatch_v1_0_S00_AXI_inst/UUI/generic_pulse/s00_axi_aresetn_0                                              |                1 |              8 |         8.00 |
|  mbdesign_i/clk_wiz_1/inst/clk_out1                        | mbdesign_i/dig_stopwatch_0/U0/dig_stopwatch_v1_0_S00_AXI_inst/slv_reg0[31]_i_1_n_0                                                                                                                         | mbdesign_i/dig_stopwatch_0/U0/dig_stopwatch_v1_0_S00_AXI_inst/UUI/generic_pulse/s00_axi_aresetn_0                                              |                1 |              8 |         8.00 |
|  mbdesign_i/clk_wiz_1/inst/clk_out1                        | mbdesign_i/dig_stopwatch_0/U0/dig_stopwatch_v1_0_S00_AXI_inst/slv_reg0[7]_i_1_n_0                                                                                                                          | mbdesign_i/dig_stopwatch_0/U0/dig_stopwatch_v1_0_S00_AXI_inst/UUI/generic_pulse/s00_axi_aresetn_0                                              |                1 |              8 |         8.00 |
|  mbdesign_i/clk_wiz_1/inst/clk_out1                        | mbdesign_i/dig_stopwatch_0/U0/dig_stopwatch_v1_0_S00_AXI_inst/slv_reg1[23]_i_1_n_0                                                                                                                         | mbdesign_i/dig_stopwatch_0/U0/dig_stopwatch_v1_0_S00_AXI_inst/UUI/generic_pulse/s00_axi_aresetn_0                                              |                2 |              8 |         4.00 |
|  mbdesign_i/clk_wiz_1/inst/clk_out1                        | mbdesign_i/dig_stopwatch_0/U0/dig_stopwatch_v1_0_S00_AXI_inst/p_1_in[23]                                                                                                                                   | mbdesign_i/dig_stopwatch_0/U0/dig_stopwatch_v1_0_S00_AXI_inst/UUI/generic_pulse/s00_axi_aresetn_0                                              |                1 |              8 |         8.00 |
|  mbdesign_i/clk_wiz_1/inst/clk_out1                        | mbdesign_i/dig_stopwatch_0/U0/dig_stopwatch_v1_0_S00_AXI_inst/p_1_in[31]                                                                                                                                   | mbdesign_i/dig_stopwatch_0/U0/dig_stopwatch_v1_0_S00_AXI_inst/UUI/generic_pulse/s00_axi_aresetn_0                                              |                1 |              8 |         8.00 |
|  mbdesign_i/clk_wiz_1/inst/clk_out1                        | mbdesign_i/dig_stopwatch_0/U0/dig_stopwatch_v1_0_S00_AXI_inst/p_1_in[15]                                                                                                                                   | mbdesign_i/dig_stopwatch_0/U0/dig_stopwatch_v1_0_S00_AXI_inst/UUI/generic_pulse/s00_axi_aresetn_0                                              |                1 |              8 |         8.00 |
|  mbdesign_i/clk_wiz_1/inst/clk_out1                        | mbdesign_i/dig_stopwatch_0/U0/dig_stopwatch_v1_0_S00_AXI_inst/slv_reg2[7]_i_1_n_0                                                                                                                          | mbdesign_i/dig_stopwatch_0/U0/dig_stopwatch_v1_0_S00_AXI_inst/UUI/generic_pulse/s00_axi_aresetn_0                                              |                1 |              8 |         8.00 |
| ~mbdesign_i/mdm_1/U0/Use_E2.BSCAN_I/Dbg_Update_0_BUFG      | mbdesign_i/mdm_1/U0/MDM_Core_I1/JTAG_CONTROL_I/Use_BSCAN.command[0]_i_1_n_0                                                                                                                                |                                                                                                                                                |                2 |              8 |         4.00 |
|  mbdesign_i/clk_wiz_1/inst/clk_out1                        | mbdesign_i/axi_timer_0/U0/AXI4_LITE_I/I_SLAVE_ATTACHMENT/I_DECODER/bus2ip_wrce[0]                                                                                                                          | mbdesign_i/axi_timer_0/U0/TC_CORE_I/GEN_SECOND_TIMER.COUNTER_1_I/COUNTER_I/s_axi_aresetn_0                                                     |                3 |              8 |         2.67 |
|  mbdesign_i/clk_wiz_1/inst/clk_out1                        | mbdesign_i/axi_uartlite_0/U0/UARTLITE_CORE_I/UARTLITE_RX_I/SRL_FIFO_I/I_SRL_FIFO_RBU_F/DYNSHREG_F_I/fifo_wr                                                                                                |                                                                                                                                                |                1 |              8 |         8.00 |
|  mbdesign_i/clk_wiz_1/inst/clk_out1                        | mbdesign_i/axi_uartlite_0/U0/AXI_LITE_IPIF_I/I_SLAVE_ATTACHMENT/I_DECODER/fifo_wr                                                                                                                          |                                                                                                                                                |                1 |              8 |         8.00 |
|  mbdesign_i/clk_wiz_1/inst/clk_out1                        | mbdesign_i/axi_uartlite_0/U0/AXI_LITE_IPIF_I/I_SLAVE_ATTACHMENT/s_axi_rresp_i                                                                                                                              | mbdesign_i/axi_uartlite_0/U0/AXI_LITE_IPIF_I/I_SLAVE_ATTACHMENT/rst                                                                            |                3 |              8 |         2.67 |
|  mbdesign_i/mdm_1/U0/No_Dbg_Reg_Access.BUFG_DRCK/Dbg_Clk_0 | mbdesign_i/microblaze_0/U0/MicroBlaze_Core_I/Performance.Core/Use_Debug_Logic.Master_Core.Debug_Perf/Using_PC_Breakpoints.All_PC_Brks[0].Serial_Interface_1.address_hit_I/Compare[0].SRLC16E_I/which_pc__0 |                                                                                                                                                |                7 |              8 |         1.14 |
|  mbdesign_i/mdm_1/U0/No_Dbg_Reg_Access.BUFG_DRCK/Dbg_Clk_0 | mbdesign_i/mdm_1/U0/MDM_Core_I1/JTAG_CONTROL_I/tdi_shifter0                                                                                                                                                |                                                                                                                                                |                3 |              8 |         2.67 |
|  mbdesign_i/mdm_1/U0/Use_E2.BSCAN_I/Dbg_Update_0_BUFG      | mbdesign_i/mdm_1/U0/MDM_Core_I1/JTAG_CONTROL_I/Use_BSCAN.FDC_I/command_10                                                                                                                                  |                                                                                                                                                |                1 |              8 |         8.00 |
|  mbdesign_i/clk_wiz_1/inst/clk_out1                        | mbdesign_i/dig_stopwatch_0/U0/dig_stopwatch_v1_0_S00_AXI_inst/p_1_in[7]                                                                                                                                    | mbdesign_i/dig_stopwatch_0/U0/dig_stopwatch_v1_0_S00_AXI_inst/UUI/generic_pulse/s00_axi_aresetn_0                                              |                1 |              8 |         8.00 |
|  mbdesign_i/clk_wiz_1/inst/clk_out1                        | mbdesign_i/dig_stopwatch_0/U0/dig_stopwatch_v1_0_S00_AXI_inst/slv_reg1[7]_i_1_n_0                                                                                                                          | mbdesign_i/dig_stopwatch_0/U0/dig_stopwatch_v1_0_S00_AXI_inst/UUI/generic_pulse/s00_axi_aresetn_0                                              |                1 |              8 |         8.00 |
|  mbdesign_i/clk_wiz_1/inst/clk_out1                        | mbdesign_i/dig_stopwatch_0/U0/dig_stopwatch_v1_0_S00_AXI_inst/slv_reg2[15]_i_1_n_0                                                                                                                         | mbdesign_i/dig_stopwatch_0/U0/dig_stopwatch_v1_0_S00_AXI_inst/UUI/generic_pulse/s00_axi_aresetn_0                                              |                2 |              8 |         4.00 |
|  mbdesign_i/clk_wiz_1/inst/clk_out1                        | mbdesign_i/axi_timer_0/U0/AXI4_LITE_I/I_SLAVE_ATTACHMENT/I_DECODER/bus2ip_wrce[1]                                                                                                                          | mbdesign_i/axi_timer_0/U0/TC_CORE_I/GEN_SECOND_TIMER.COUNTER_1_I/COUNTER_I/s_axi_aresetn_0                                                     |                3 |              9 |         3.00 |
|  mbdesign_i/mdm_1/U0/No_Dbg_Reg_Access.BUFG_DRCK/Dbg_Clk_0 | mbdesign_i/mdm_1/U0/MDM_Core_I1/JTAG_CONTROL_I/Use_BSCAN.FDC_I/Use_Serial_Unified_Completion.completion_block_reg                                                                                          |                                                                                                                                                |                4 |             10 |         2.50 |
|  mbdesign_i/clk_wiz_1/inst/clk_out1                        |                                                                                                                                                                                                            | mbdesign_i/axi_uartlite_0/U0/AXI_LITE_IPIF_I/I_SLAVE_ATTACHMENT/rst                                                                            |                4 |             10 |         2.50 |
|  mbdesign_i/clk_wiz_1/inst/clk_out1                        |                                                                                                                                                                                                            | mbdesign_i/axi_timer_0/U0/AXI4_LITE_I/I_SLAVE_ATTACHMENT/rst                                                                                   |                4 |             11 |         2.75 |
|  mbdesign_i/clk_wiz_1/inst/clk_out1                        |                                                                                                                                                                                                            | mbdesign_i/axi_timer_0/U0/TC_CORE_I/GEN_SECOND_TIMER.COUNTER_1_I/COUNTER_I/s_axi_aresetn_0                                                     |                3 |             11 |         3.67 |
|  mbdesign_i/clk_wiz_1/inst/clk_out1                        |                                                                                                                                                                                                            | mbdesign_i/microblaze_0_axi_periph/xbar/inst/gen_sasd.crossbar_sasd_0/addr_arbiter_inst/SR[0]                                                  |                4 |             13 |         3.25 |
|  mbdesign_i/clk_wiz_1/inst/clk_out1                        | mbdesign_i/microblaze_0_axi_periph/xbar/inst/gen_sasd.crossbar_sasd_0/reg_slice_r/aa_rready                                                                                                                |                                                                                                                                                |                4 |             15 |         3.75 |
|  mbdesign_i/clk_wiz_1/inst/clk_out1                        | mbdesign_i/microblaze_0/U0/MicroBlaze_Core_I/Performance.Core/Decode_I/PreFetch_Buffer_I1/OF_Valid_DFF/E[0]                                                                                                | mbdesign_i/microblaze_0/U0/MicroBlaze_Core_I/sync_reset                                                                                        |                6 |             16 |         2.67 |
|  mbdesign_i/clk_wiz_1/inst/clk_out1                        | mbdesign_i/microblaze_0_axi_periph/xbar/inst/gen_sasd.crossbar_sasd_0/addr_arbiter_inst/p_0_in1_in                                                                                                         | mbdesign_i/microblaze_0_axi_periph/xbar/inst/gen_sasd.crossbar_sasd_0/addr_arbiter_inst/SR[0]                                                  |                6 |             19 |         3.17 |
|  mbdesign_i/clk_wiz_1/inst/clk_out1                        | mbdesign_i/dig_stopwatch_0/U0/dig_stopwatch_v1_0_S00_AXI_inst/UUI/generic_pulse/sel                                                                                                                        | mbdesign_i/dig_stopwatch_0/U0/dig_stopwatch_v1_0_S00_AXI_inst/UUI/generic_pulse/s00_axi_aresetn_0                                              |                5 |             20 |         4.00 |
|  mbdesign_i/clk_wiz_1/inst/clk_out1                        | mbdesign_i/microblaze_0/U0/MicroBlaze_Core_I/Performance.Core/Decode_I/mem_wait_on_ready_N_carry_or/MUXCY_I/lopt_1                                                                                         | mbdesign_i/microblaze_0/U0/MicroBlaze_Core_I/sync_reset                                                                                        |                7 |             20 |         2.86 |
|  mbdesign_i/mdm_1/U0/No_Dbg_Reg_Access.BUFG_DRCK/Dbg_Clk_0 |                                                                                                                                                                                                            | mbdesign_i/mdm_1/U0/Use_E2.BSCAN_I/Use_E2.BSCANE2_I_4                                                                                          |                4 |             23 |         5.75 |
|  mbdesign_i/clk_wiz_1/inst/clk_out1                        | mbdesign_i/axi_uartlite_0/U0/UARTLITE_CORE_I/BAUD_RATE_I/en_16x_Baud                                                                                                                                       | mbdesign_i/axi_uartlite_0/U0/UARTLITE_CORE_I/UARTLITE_RX_I/s_axi_aresetn_0                                                                     |                7 |             28 |         4.00 |
|  mbdesign_i/clk_wiz_1/inst/clk_out1                        |                                                                                                                                                                                                            | mbdesign_i/axi_uartlite_0/U0/UARTLITE_CORE_I/UARTLITE_RX_I/s_axi_aresetn_0                                                                     |                9 |             30 |         3.33 |
|  mbdesign_i/clk_wiz_1/inst/clk_out1                        | mbdesign_i/axi_timer_0/U0/TC_CORE_I/TIMER_CONTROL_I/TCSR0_GENERATE[20].TCSR0_FF_I_1                                                                                                                        | mbdesign_i/axi_timer_0/U0/TC_CORE_I/GEN_SECOND_TIMER.COUNTER_1_I/COUNTER_I/s_axi_aresetn_0                                                     |                4 |             32 |         8.00 |
|  mbdesign_i/clk_wiz_1/inst/clk_out1                        | mbdesign_i/axi_timer_0/U0/TC_CORE_I/TIMER_CONTROL_I/generateOutPre0_reg_0                                                                                                                                  | mbdesign_i/axi_timer_0/U0/TC_CORE_I/GEN_SECOND_TIMER.COUNTER_1_I/COUNTER_I/s_axi_aresetn_0                                                     |                5 |             32 |         6.40 |
|  mbdesign_i/clk_wiz_1/inst/clk_out1                        | mbdesign_i/microblaze_0/U0/MicroBlaze_Core_I/Performance.Core/Use_Debug_Logic.Master_Core.Debug_Perf/data_rd_reg[0]_i_1_n_0                                                                                | mbdesign_i/microblaze_0/U0/MicroBlaze_Core_I/sync_reset                                                                                        |                9 |             32 |         3.56 |
|  mbdesign_i/clk_wiz_1/inst/clk_out1                        | mbdesign_i/microblaze_0_axi_periph/xbar/inst/gen_sasd.crossbar_sasd_0/addr_arbiter_inst/s_axi_rvalid[0]                                                                                                    | mbdesign_i/microblaze_0/U0/MicroBlaze_Core_I/sync_reset                                                                                        |               11 |             32 |         2.91 |
|  mbdesign_i/clk_wiz_1/inst/clk_out1                        | mbdesign_i/axi_timer_0/U0/AXI4_LITE_I/I_SLAVE_ATTACHMENT/s_axi_rresp_i                                                                                                                                     | mbdesign_i/axi_timer_0/U0/AXI4_LITE_I/I_SLAVE_ATTACHMENT/rst                                                                                   |               32 |             32 |         1.00 |
|  mbdesign_i/clk_wiz_1/inst/clk_out1                        | mbdesign_i/dig_stopwatch_0/U0/dig_stopwatch_v1_0_S00_AXI_inst/slv_reg_rden                                                                                                                                 | mbdesign_i/dig_stopwatch_0/U0/dig_stopwatch_v1_0_S00_AXI_inst/UUI/generic_pulse/s00_axi_aresetn_0                                              |               11 |             32 |         2.91 |
|  mbdesign_i/clk_wiz_1/inst/clk_out1                        | mbdesign_i/microblaze_0/U0/MicroBlaze_Core_I/Performance.Core/Decode_I/mem_wait_on_ready_N_carry_or/MUXCY_I/lopt_1                                                                                         | mbdesign_i/microblaze_0/U0/MicroBlaze_Core_I/Performance.Core/Decode_I/SR[0]                                                                   |               10 |             32 |         3.20 |
|  mbdesign_i/clk_wiz_1/inst/clk_out1                        | mbdesign_i/microblaze_0/U0/MicroBlaze_Core_I/Performance.Core/Decode_I/mem_wait_on_ready_N_carry_or/MUXCY_I/lopt_1                                                                                         |                                                                                                                                                |                6 |             32 |         5.33 |
|  mbdesign_i/clk_wiz_1/inst/clk_out1                        | mbdesign_i/microblaze_0/U0/MicroBlaze_Core_I/Performance.Core/Decode_I/PreFetch_Buffer_I1/Gen_Mux_Select_LUT6[1].Gen_Sel_DFF/if_fetch_in_progress_reg[0]                                                   | mbdesign_i/microblaze_0/U0/MicroBlaze_Core_I/sync_reset                                                                                        |                7 |             32 |         4.57 |
|  mbdesign_i/mdm_1/U0/No_Dbg_Reg_Access.BUFG_DRCK/Dbg_Clk_0 | mbdesign_i/microblaze_0/U0/MicroBlaze_Core_I/Performance.Core/Use_Debug_Logic.Master_Core.Debug_Perf/Serial_Dbg_Intf.New_Dbg_Instr_TCK                                                                     |                                                                                                                                                |                7 |             32 |         4.57 |
|  mbdesign_i/clk_wiz_1/inst/clk_out1                        | mbdesign_i/microblaze_0/U0/MicroBlaze_Core_I/Performance.Core/Decode_I/Use_MuxCy[3].OF_Piperun_Stage/MUXCY_I/E[0]                                                                                          | mbdesign_i/microblaze_0/U0/MicroBlaze_Core_I/sync_reset                                                                                        |                5 |             32 |         6.40 |
|  mbdesign_i/clk_wiz_1/inst/clk_out1                        |                                                                                                                                                                                                            | mbdesign_i/microblaze_0/U0/MicroBlaze_Core_I/Performance.Core/wb_dlmb_valid_read_data0                                                         |                9 |             32 |         3.56 |
|  mbdesign_i/clk_wiz_1/inst/clk_out1                        |                                                                                                                                                                                                            | mbdesign_i/dig_stopwatch_0/U0/dig_stopwatch_v1_0_S00_AXI_inst/UUI/generic_pulse/s00_axi_aresetn_0                                              |               10 |             32 |         3.20 |
|  mbdesign_i/clk_wiz_1/inst/clk_out1                        | mbdesign_i/microblaze_0/U0/MicroBlaze_Core_I/Performance.Core/Decode_I/Use_MuxCy[3].OF_Piperun_Stage/MUXCY_I/Using_FPGA.Native_0                                                                           | mbdesign_i/microblaze_0/U0/MicroBlaze_Core_I/Performance.Core/Decode_I/R                                                                       |               10 |             32 |         3.20 |
|  mbdesign_i/clk_wiz_1/inst/clk_out1                        | mbdesign_i/axi_timer_0/U0/TC_CORE_I/TIMER_CONTROL_I/CE_0                                                                                                                                                   | mbdesign_i/axi_timer_0/U0/TC_CORE_I/GEN_SECOND_TIMER.COUNTER_1_I/COUNTER_I/s_axi_aresetn_0                                                     |               10 |             32 |         3.20 |
|  mbdesign_i/clk_wiz_1/inst/clk_out1                        | mbdesign_i/axi_timer_0/U0/TC_CORE_I/TIMER_CONTROL_I/CE                                                                                                                                                     | mbdesign_i/axi_timer_0/U0/TC_CORE_I/GEN_SECOND_TIMER.COUNTER_1_I/COUNTER_I/s_axi_aresetn_0                                                     |                9 |             32 |         3.56 |
|  mbdesign_i/clk_wiz_1/inst/clk_out1                        | mbdesign_i/microblaze_0_axi_periph/xbar/inst/gen_sasd.crossbar_sasd_0/addr_arbiter_inst/E[0]                                                                                                               |                                                                                                                                                |                8 |             33 |         4.12 |
|  mbdesign_i/mdm_1/U0/No_Dbg_Reg_Access.BUFG_DRCK/Dbg_Clk_0 | mbdesign_i/mdm_1/U0/Use_E2.BSCAN_I/Use_E2.BSCANE2_I_0                                                                                                                                                      |                                                                                                                                                |               10 |             47 |         4.70 |
|  mbdesign_i/clk_wiz_1/inst/clk_out1                        | mbdesign_i/microblaze_0/U0/MicroBlaze_Core_I/Performance.Core/Decode_I/PreFetch_Buffer_I1/Instruction_Prefetch_Mux[42].Instr_Mux_MUXF7/IReady_0                                                            |                                                                                                                                                |               10 |             75 |         7.50 |
|  mbdesign_i/clk_wiz_1/inst/clk_out1                        | mbdesign_i/microblaze_0/U0/MicroBlaze_Core_I/Performance.Core/Decode_I/Use_MuxCy[3].OF_Piperun_Stage/MUXCY_I/Using_FPGA.Native_0                                                                           | mbdesign_i/microblaze_0/U0/MicroBlaze_Core_I/sync_reset                                                                                        |               27 |             79 |         2.93 |
|  mbdesign_i/mdm_1/U0/No_Dbg_Reg_Access.BUFG_DRCK/Dbg_Clk_0 |                                                                                                                                                                                                            |                                                                                                                                                |               22 |             80 |         3.64 |
|  mbdesign_i/clk_wiz_1/inst/clk_out1                        | mbdesign_i/microblaze_0/U0/MicroBlaze_Core_I/Performance.Core/Decode_I/WB_GPR_Wr                                                                                                                           |                                                                                                                                                |               16 |            128 |         8.00 |
|  mbdesign_i/clk_wiz_1/inst/clk_out1                        |                                                                                                                                                                                                            |                                                                                                                                                |               48 |            143 |         2.98 |
|  mbdesign_i/clk_wiz_1/inst/clk_out1                        |                                                                                                                                                                                                            | mbdesign_i/microblaze_0/U0/MicroBlaze_Core_I/sync_reset                                                                                        |               63 |            150 |         2.38 |
|  mbdesign_i/clk_wiz_1/inst/clk_out1                        | mbdesign_i/microblaze_0/U0/MicroBlaze_Core_I/Performance.Core/Decode_I/Use_MuxCy[11].OF_Piperun_Stage/MUXCY_I/Using_FPGA.Native_0                                                                          | mbdesign_i/microblaze_0/U0/MicroBlaze_Core_I/sync_reset                                                                                        |               72 |            218 |         3.03 |
+------------------------------------------------------------+------------------------------------------------------------------------------------------------------------------------------------------------------------------------------------------------------------+------------------------------------------------------------------------------------------------------------------------------------------------+------------------+----------------+--------------+


