
*** Running vivado
    with args -log mbdesign_wrapper.vds -m64 -product Vivado -mode batch -messageDb vivado.pb -notrace -source mbdesign_wrapper.tcl



****** Vivado v2022.2 (64-bit)
  **** SW Build 3671981 on Fri Oct 14 05:00:03 MDT 2022
  **** IP Build 3669848 on Fri Oct 14 08:30:02 MDT 2022
    ** Copyright 1986-2022 Xilinx, Inc. All Rights Reserved.

source mbdesign_wrapper.tcl -notrace
INFO: [IP_Flow 19-234] Refreshing IP repositories
INFO: [IP_Flow 19-1700] Loaded user IP repository 'c:/Users/tekpun/Desktop/Microblazedigitalstopwatch/ip_repo/dig_stopwatch_1_0'.
INFO: [IP_Flow 19-2313] Loaded Vivado IP repository 'C:/Xilinx/Vivado/2022.2/data/ip'.
WARNING: [IP_Flow 19-4995] The host OS only allows 260 characters in a normal path. The IP cache path is more than 80 characters. If you experience issues with IP caching, please consider changing the IP cache to a location with a shorter path. Alternately consider using the OS subst command to map part of the path to a drive letter. 
Current IP cache path is c:/Users/tekpun/Desktop/Microblazedigitalstopwatch/microblazedigital/microblazedigital.cache/ip 
Command: read_checkpoint -auto_incremental -incremental C:/Users/tekpun/Desktop/Microblazedigitalstopwatch/microblazedigital/microblazedigital.srcs/utils_1/imports/synth_1/mbdesign_wrapper.dcp
INFO: [Vivado 12-5825] Read reference checkpoint from C:/Users/tekpun/Desktop/Microblazedigitalstopwatch/microblazedigital/microblazedigital.srcs/utils_1/imports/synth_1/mbdesign_wrapper.dcp for incremental synthesis
INFO: [Vivado 12-7989] Please ensure there are no constraint changes
Command: synth_design -top mbdesign_wrapper -part xc7a100tcsg324-1
Starting synth_design
Attempting to get a license for feature 'Synthesis' and/or device 'xc7a100t'
INFO: [Common 17-349] Got license for feature 'Synthesis' and/or device 'xc7a100t'
INFO: [Device 21-403] Loading part xc7a100tcsg324-1
INFO: [Designutils 20-5440] No compile time benefit to using incremental synthesis; A full resynthesis will be run
INFO: [Designutils 20-4379] Flow is switching to default flow due to incremental criteria not met. If you would like to alter this behaviour and have the flow terminate instead, please set the following parameter config_implementation {autoIncr.Synth.RejectBehavior Terminate}
INFO: [Synth 8-7079] Multithreading enabled for synth_design using a maximum of 2 processes.
INFO: [Synth 8-7078] Launching helper process for spawning children vivado processes
INFO: [Synth 8-7075] Helper process launched with PID 8752
INFO: [Synth 8-11241] undeclared symbol 'REGCCE', assumed default net type 'wire' [C:/Xilinx/Vivado/2022.2/data/verilog/src/unimacro/BRAM_SINGLE_MACRO.v:2170]
---------------------------------------------------------------------------------
Starting RTL Elaboration : Time (s): cpu = 00:00:05 ; elapsed = 00:00:06 . Memory (MB): peak = 1737.426 ; gain = 409.105
---------------------------------------------------------------------------------
INFO: [Synth 8-638] synthesizing module 'mbdesign_wrapper' [c:/Users/tekpun/Desktop/Microblazedigitalstopwatch/microblazedigital/microblazedigital.gen/sources_1/bd/mbdesign/hdl/mbdesign_wrapper.vhd:26]
INFO: [Synth 8-3491] module 'mbdesign' declared at 'c:/Users/tekpun/Desktop/Microblazedigitalstopwatch/microblazedigital/microblazedigital.gen/sources_1/bd/mbdesign/synth/mbdesign.vhd:1607' bound to instance 'mbdesign_i' of component 'mbdesign' [c:/Users/tekpun/Desktop/Microblazedigitalstopwatch/microblazedigital/microblazedigital.gen/sources_1/bd/mbdesign/hdl/mbdesign_wrapper.vhd:39]
INFO: [Synth 8-638] synthesizing module 'mbdesign' [c:/Users/tekpun/Desktop/Microblazedigitalstopwatch/microblazedigital/microblazedigital.gen/sources_1/bd/mbdesign/synth/mbdesign.vhd:1623]
INFO: [Synth 8-3491] module 'mbdesign_axi_timer_0_1' declared at 'C:/Users/tekpun/Desktop/Microblazedigitalstopwatch/microblazedigital/microblazedigital.runs/synth_1/.Xil/Vivado-20116-DESKTOP-LG2R7V4/realtime/mbdesign_axi_timer_0_1_stub.vhdl:5' bound to instance 'axi_timer_0' of component 'mbdesign_axi_timer_0_1' [c:/Users/tekpun/Desktop/Microblazedigitalstopwatch/microblazedigital/microblazedigital.gen/sources_1/bd/mbdesign/synth/mbdesign.vhd:1941]
INFO: [Synth 8-638] synthesizing module 'mbdesign_axi_timer_0_1' [C:/Users/tekpun/Desktop/Microblazedigitalstopwatch/microblazedigital/microblazedigital.runs/synth_1/.Xil/Vivado-20116-DESKTOP-LG2R7V4/realtime/mbdesign_axi_timer_0_1_stub.vhdl:37]
INFO: [Synth 8-3491] module 'mbdesign_axi_uartlite_0_2' declared at 'C:/Users/tekpun/Desktop/Microblazedigitalstopwatch/microblazedigital/microblazedigital.runs/synth_1/.Xil/Vivado-20116-DESKTOP-LG2R7V4/realtime/mbdesign_axi_uartlite_0_2_stub.vhdl:5' bound to instance 'axi_uartlite_0' of component 'mbdesign_axi_uartlite_0_2' [c:/Users/tekpun/Desktop/Microblazedigitalstopwatch/microblazedigital/microblazedigital.gen/sources_1/bd/mbdesign/synth/mbdesign.vhd:1970]
INFO: [Synth 8-638] synthesizing module 'mbdesign_axi_uartlite_0_2' [C:/Users/tekpun/Desktop/Microblazedigitalstopwatch/microblazedigital/microblazedigital.runs/synth_1/.Xil/Vivado-20116-DESKTOP-LG2R7V4/realtime/mbdesign_axi_uartlite_0_2_stub.vhdl:33]
INFO: [Synth 8-3491] module 'mbdesign_clk_wiz_1_0' declared at 'C:/Users/tekpun/Desktop/Microblazedigitalstopwatch/microblazedigital/microblazedigital.runs/synth_1/.Xil/Vivado-20116-DESKTOP-LG2R7V4/realtime/mbdesign_clk_wiz_1_0_stub.vhdl:5' bound to instance 'clk_wiz_1' of component 'mbdesign_clk_wiz_1_0' [c:/Users/tekpun/Desktop/Microblazedigitalstopwatch/microblazedigital/microblazedigital.gen/sources_1/bd/mbdesign/synth/mbdesign.vhd:1995]
INFO: [Synth 8-638] synthesizing module 'mbdesign_clk_wiz_1_0' [C:/Users/tekpun/Desktop/Microblazedigitalstopwatch/microblazedigital/microblazedigital.runs/synth_1/.Xil/Vivado-20116-DESKTOP-LG2R7V4/realtime/mbdesign_clk_wiz_1_0_stub.vhdl:15]
INFO: [Synth 8-3491] module 'mbdesign_dig_stopwatch_0_0' declared at 'C:/Users/tekpun/Desktop/Microblazedigitalstopwatch/microblazedigital/microblazedigital.runs/synth_1/.Xil/Vivado-20116-DESKTOP-LG2R7V4/realtime/mbdesign_dig_stopwatch_0_0_stub.vhdl:5' bound to instance 'dig_stopwatch_0' of component 'mbdesign_dig_stopwatch_0_0' [c:/Users/tekpun/Desktop/Microblazedigitalstopwatch/microblazedigital/microblazedigital.gen/sources_1/bd/mbdesign/synth/mbdesign.vhd:2002]
INFO: [Synth 8-638] synthesizing module 'mbdesign_dig_stopwatch_0_0' [C:/Users/tekpun/Desktop/Microblazedigitalstopwatch/microblazedigital/microblazedigital.runs/synth_1/.Xil/Vivado-20116-DESKTOP-LG2R7V4/realtime/mbdesign_dig_stopwatch_0_0_stub.vhdl:35]
INFO: [Synth 8-3491] module 'mbdesign_mdm_1_0' declared at 'C:/Users/tekpun/Desktop/Microblazedigitalstopwatch/microblazedigital/microblazedigital.runs/synth_1/.Xil/Vivado-20116-DESKTOP-LG2R7V4/realtime/mbdesign_mdm_1_0_stub.vhdl:5' bound to instance 'mdm_1' of component 'mbdesign_mdm_1_0' [c:/Users/tekpun/Desktop/Microblazedigitalstopwatch/microblazedigital/microblazedigital.gen/sources_1/bd/mbdesign/synth/mbdesign.vhd:2029]
INFO: [Synth 8-638] synthesizing module 'mbdesign_mdm_1_0' [C:/Users/tekpun/Desktop/Microblazedigitalstopwatch/microblazedigital/microblazedigital.runs/synth_1/.Xil/Vivado-20116-DESKTOP-LG2R7V4/realtime/mbdesign_mdm_1_0_stub.vhdl:21]
INFO: [Synth 8-3491] module 'mbdesign_microblaze_0_0' declared at 'C:/Users/tekpun/Desktop/Microblazedigitalstopwatch/microblazedigital/microblazedigital.runs/synth_1/.Xil/Vivado-20116-DESKTOP-LG2R7V4/realtime/mbdesign_microblaze_0_0_stub.vhdl:5' bound to instance 'microblaze_0' of component 'mbdesign_microblaze_0_0' [c:/Users/tekpun/Desktop/Microblazedigitalstopwatch/microblazedigital/microblazedigital.gen/sources_1/bd/mbdesign/synth/mbdesign.vhd:2042]
INFO: [Synth 8-638] synthesizing module 'mbdesign_microblaze_0_0' [C:/Users/tekpun/Desktop/Microblazedigitalstopwatch/microblazedigital/microblazedigital.runs/synth_1/.Xil/Vivado-20116-DESKTOP-LG2R7V4/realtime/mbdesign_microblaze_0_0_stub.vhdl:63]
INFO: [Synth 8-638] synthesizing module 'mbdesign_microblaze_0_axi_periph_1' [c:/Users/tekpun/Desktop/Microblazedigitalstopwatch/microblazedigital/microblazedigital.gen/sources_1/bd/mbdesign/synth/mbdesign.vhd:1083]
INFO: [Synth 8-638] synthesizing module 'm00_couplers_imp_B58748' [c:/Users/tekpun/Desktop/Microblazedigitalstopwatch/microblazedigital/microblazedigital.gen/sources_1/bd/mbdesign/synth/mbdesign.vhd:57]
INFO: [Synth 8-256] done synthesizing module 'm00_couplers_imp_B58748' (0#1) [c:/Users/tekpun/Desktop/Microblazedigitalstopwatch/microblazedigital/microblazedigital.gen/sources_1/bd/mbdesign/synth/mbdesign.vhd:57]
INFO: [Synth 8-638] synthesizing module 'm01_couplers_imp_1JCI50P' [c:/Users/tekpun/Desktop/Microblazedigitalstopwatch/microblazedigital/microblazedigital.gen/sources_1/bd/mbdesign/synth/mbdesign.vhd:158]
INFO: [Synth 8-256] done synthesizing module 'm01_couplers_imp_1JCI50P' (0#1) [c:/Users/tekpun/Desktop/Microblazedigitalstopwatch/microblazedigital/microblazedigital.gen/sources_1/bd/mbdesign/synth/mbdesign.vhd:158]
INFO: [Synth 8-638] synthesizing module 'm02_couplers_imp_CRGIH7' [c:/Users/tekpun/Desktop/Microblazedigitalstopwatch/microblazedigital/microblazedigital.gen/sources_1/bd/mbdesign/synth/mbdesign.vhd:263]
INFO: [Synth 8-256] done synthesizing module 'm02_couplers_imp_CRGIH7' (0#1) [c:/Users/tekpun/Desktop/Microblazedigitalstopwatch/microblazedigital/microblazedigital.gen/sources_1/bd/mbdesign/synth/mbdesign.vhd:263]
INFO: [Synth 8-638] synthesizing module 's00_couplers_imp_1M0HWLM' [c:/Users/tekpun/Desktop/Microblazedigitalstopwatch/microblazedigital/microblazedigital.gen/sources_1/bd/mbdesign/synth/mbdesign.vhd:932]
INFO: [Synth 8-256] done synthesizing module 's00_couplers_imp_1M0HWLM' (0#1) [c:/Users/tekpun/Desktop/Microblazedigitalstopwatch/microblazedigital/microblazedigital.gen/sources_1/bd/mbdesign/synth/mbdesign.vhd:932]
INFO: [Synth 8-3491] module 'mbdesign_xbar_0' declared at 'C:/Users/tekpun/Desktop/Microblazedigitalstopwatch/microblazedigital/microblazedigital.runs/synth_1/.Xil/Vivado-20116-DESKTOP-LG2R7V4/realtime/mbdesign_xbar_0_stub.vhdl:5' bound to instance 'xbar' of component 'mbdesign_xbar_0' [c:/Users/tekpun/Desktop/Microblazedigitalstopwatch/microblazedigital/microblazedigital.gen/sources_1/bd/mbdesign/synth/mbdesign.vhd:1523]
INFO: [Synth 8-638] synthesizing module 'mbdesign_xbar_0' [C:/Users/tekpun/Desktop/Microblazedigitalstopwatch/microblazedigital/microblazedigital.runs/synth_1/.Xil/Vivado-20116-DESKTOP-LG2R7V4/realtime/mbdesign_xbar_0_stub.vhdl:51]
INFO: [Synth 8-256] done synthesizing module 'mbdesign_microblaze_0_axi_periph_1' (0#1) [c:/Users/tekpun/Desktop/Microblazedigitalstopwatch/microblazedigital/microblazedigital.gen/sources_1/bd/mbdesign/synth/mbdesign.vhd:1083]
INFO: [Synth 8-638] synthesizing module 'microblaze_0_local_memory_imp_1YKTTFW' [c:/Users/tekpun/Desktop/Microblazedigitalstopwatch/microblazedigital/microblazedigital.gen/sources_1/bd/mbdesign/synth/mbdesign.vhd:353]
INFO: [Synth 8-3491] module 'mbdesign_dlmb_bram_if_cntlr_0' declared at 'C:/Users/tekpun/Desktop/Microblazedigitalstopwatch/microblazedigital/microblazedigital.runs/synth_1/.Xil/Vivado-20116-DESKTOP-LG2R7V4/realtime/mbdesign_dlmb_bram_if_cntlr_0_stub.vhdl:5' bound to instance 'dlmb_bram_if_cntlr' of component 'mbdesign_dlmb_bram_if_cntlr_0' [c:/Users/tekpun/Desktop/Microblazedigitalstopwatch/microblazedigital/microblazedigital.gen/sources_1/bd/mbdesign/synth/mbdesign.vhd:567]
INFO: [Synth 8-638] synthesizing module 'mbdesign_dlmb_bram_if_cntlr_0' [C:/Users/tekpun/Desktop/Microblazedigitalstopwatch/microblazedigital/microblazedigital.runs/synth_1/.Xil/Vivado-20116-DESKTOP-LG2R7V4/realtime/mbdesign_dlmb_bram_if_cntlr_0_stub.vhdl:31]
INFO: [Synth 8-3491] module 'mbdesign_dlmb_v10_0' declared at 'C:/Users/tekpun/Desktop/Microblazedigitalstopwatch/microblazedigital/microblazedigital.runs/synth_1/.Xil/Vivado-20116-DESKTOP-LG2R7V4/realtime/mbdesign_dlmb_v10_0_stub.vhdl:5' bound to instance 'dlmb_v10' of component 'mbdesign_dlmb_v10_0' [c:/Users/tekpun/Desktop/Microblazedigitalstopwatch/microblazedigital/microblazedigital.gen/sources_1/bd/mbdesign/synth/mbdesign.vhd:621]
INFO: [Synth 8-638] synthesizing module 'mbdesign_dlmb_v10_0' [C:/Users/tekpun/Desktop/Microblazedigitalstopwatch/microblazedigital/microblazedigital.runs/synth_1/.Xil/Vivado-20116-DESKTOP-LG2R7V4/realtime/mbdesign_dlmb_v10_0_stub.vhdl:36]
INFO: [Synth 8-3491] module 'mbdesign_ilmb_bram_if_cntlr_0' declared at 'C:/Users/tekpun/Desktop/Microblazedigitalstopwatch/microblazedigital/microblazedigital.runs/synth_1/.Xil/Vivado-20116-DESKTOP-LG2R7V4/realtime/mbdesign_ilmb_bram_if_cntlr_0_stub.vhdl:5' bound to instance 'ilmb_bram_if_cntlr' of component 'mbdesign_ilmb_bram_if_cntlr_0' [c:/Users/tekpun/Desktop/Microblazedigitalstopwatch/microblazedigital/microblazedigital.gen/sources_1/bd/mbdesign/synth/mbdesign.vhd:649]
INFO: [Synth 8-638] synthesizing module 'mbdesign_ilmb_bram_if_cntlr_0' [C:/Users/tekpun/Desktop/Microblazedigitalstopwatch/microblazedigital/microblazedigital.runs/synth_1/.Xil/Vivado-20116-DESKTOP-LG2R7V4/realtime/mbdesign_ilmb_bram_if_cntlr_0_stub.vhdl:31]
INFO: [Synth 8-3491] module 'mbdesign_ilmb_v10_0' declared at 'C:/Users/tekpun/Desktop/Microblazedigitalstopwatch/microblazedigital/microblazedigital.runs/synth_1/.Xil/Vivado-20116-DESKTOP-LG2R7V4/realtime/mbdesign_ilmb_v10_0_stub.vhdl:5' bound to instance 'ilmb_v10' of component 'mbdesign_ilmb_v10_0' [c:/Users/tekpun/Desktop/Microblazedigitalstopwatch/microblazedigital/microblazedigital.gen/sources_1/bd/mbdesign/synth/mbdesign.vhd:703]
INFO: [Synth 8-638] synthesizing module 'mbdesign_ilmb_v10_0' [C:/Users/tekpun/Desktop/Microblazedigitalstopwatch/microblazedigital/microblazedigital.runs/synth_1/.Xil/Vivado-20116-DESKTOP-LG2R7V4/realtime/mbdesign_ilmb_v10_0_stub.vhdl:36]
INFO: [Synth 8-3491] module 'mbdesign_lmb_bram_0' declared at 'C:/Users/tekpun/Desktop/Microblazedigitalstopwatch/microblazedigital/microblazedigital.runs/synth_1/.Xil/Vivado-20116-DESKTOP-LG2R7V4/realtime/mbdesign_lmb_bram_0_stub.vhdl:5' bound to instance 'lmb_bram' of component 'mbdesign_lmb_bram_0' [c:/Users/tekpun/Desktop/Microblazedigitalstopwatch/microblazedigital/microblazedigital.gen/sources_1/bd/mbdesign/synth/mbdesign.vhd:731]
INFO: [Synth 8-638] synthesizing module 'mbdesign_lmb_bram_0' [C:/Users/tekpun/Desktop/Microblazedigitalstopwatch/microblazedigital/microblazedigital.runs/synth_1/.Xil/Vivado-20116-DESKTOP-LG2R7V4/realtime/mbdesign_lmb_bram_0_stub.vhdl:27]
INFO: [Synth 8-256] done synthesizing module 'microblaze_0_local_memory_imp_1YKTTFW' (0#1) [c:/Users/tekpun/Desktop/Microblazedigitalstopwatch/microblazedigital/microblazedigital.gen/sources_1/bd/mbdesign/synth/mbdesign.vhd:353]
INFO: [Synth 8-3491] module 'mbdesign_rst_clk_wiz_1_100M_0' declared at 'C:/Users/tekpun/Desktop/Microblazedigitalstopwatch/microblazedigital/microblazedigital.runs/synth_1/.Xil/Vivado-20116-DESKTOP-LG2R7V4/realtime/mbdesign_rst_clk_wiz_1_100M_0_stub.vhdl:5' bound to instance 'rst_clk_wiz_1_100M' of component 'mbdesign_rst_clk_wiz_1_100M_0' [c:/Users/tekpun/Desktop/Microblazedigitalstopwatch/microblazedigital/microblazedigital.gen/sources_1/bd/mbdesign/synth/mbdesign.vhd:2206]
INFO: [Synth 8-638] synthesizing module 'mbdesign_rst_clk_wiz_1_100M_0' [C:/Users/tekpun/Desktop/Microblazedigitalstopwatch/microblazedigital/microblazedigital.runs/synth_1/.Xil/Vivado-20116-DESKTOP-LG2R7V4/realtime/mbdesign_rst_clk_wiz_1_100M_0_stub.vhdl:21]
INFO: [Synth 8-256] done synthesizing module 'mbdesign' (0#1) [c:/Users/tekpun/Desktop/Microblazedigitalstopwatch/microblazedigital/microblazedigital.gen/sources_1/bd/mbdesign/synth/mbdesign.vhd:1623]
INFO: [Synth 8-256] done synthesizing module 'mbdesign_wrapper' (0#1) [c:/Users/tekpun/Desktop/Microblazedigitalstopwatch/microblazedigital/microblazedigital.gen/sources_1/bd/mbdesign/hdl/mbdesign_wrapper.vhd:26]
WARNING: [Synth 8-7129] Port M_ACLK in module s00_couplers_imp_1M0HWLM is either unconnected or has no load
WARNING: [Synth 8-7129] Port M_ARESETN in module s00_couplers_imp_1M0HWLM is either unconnected or has no load
WARNING: [Synth 8-7129] Port S_ACLK in module s00_couplers_imp_1M0HWLM is either unconnected or has no load
WARNING: [Synth 8-7129] Port S_ARESETN in module s00_couplers_imp_1M0HWLM is either unconnected or has no load
WARNING: [Synth 8-7129] Port M_ACLK in module m02_couplers_imp_CRGIH7 is either unconnected or has no load
WARNING: [Synth 8-7129] Port M_ARESETN in module m02_couplers_imp_CRGIH7 is either unconnected or has no load
WARNING: [Synth 8-7129] Port S_ACLK in module m02_couplers_imp_CRGIH7 is either unconnected or has no load
WARNING: [Synth 8-7129] Port S_ARESETN in module m02_couplers_imp_CRGIH7 is either unconnected or has no load
WARNING: [Synth 8-7129] Port M_ACLK in module m01_couplers_imp_1JCI50P is either unconnected or has no load
WARNING: [Synth 8-7129] Port M_ARESETN in module m01_couplers_imp_1JCI50P is either unconnected or has no load
WARNING: [Synth 8-7129] Port S_ACLK in module m01_couplers_imp_1JCI50P is either unconnected or has no load
WARNING: [Synth 8-7129] Port S_ARESETN in module m01_couplers_imp_1JCI50P is either unconnected or has no load
WARNING: [Synth 8-7129] Port M_ACLK in module m00_couplers_imp_B58748 is either unconnected or has no load
WARNING: [Synth 8-7129] Port M_ARESETN in module m00_couplers_imp_B58748 is either unconnected or has no load
WARNING: [Synth 8-7129] Port S_ACLK in module m00_couplers_imp_B58748 is either unconnected or has no load
WARNING: [Synth 8-7129] Port S_ARESETN in module m00_couplers_imp_B58748 is either unconnected or has no load
WARNING: [Synth 8-7129] Port M00_ACLK in module mbdesign_microblaze_0_axi_periph_1 is either unconnected or has no load
WARNING: [Synth 8-7129] Port M00_ARESETN in module mbdesign_microblaze_0_axi_periph_1 is either unconnected or has no load
WARNING: [Synth 8-7129] Port M01_ACLK in module mbdesign_microblaze_0_axi_periph_1 is either unconnected or has no load
WARNING: [Synth 8-7129] Port M01_ARESETN in module mbdesign_microblaze_0_axi_periph_1 is either unconnected or has no load
WARNING: [Synth 8-7129] Port M02_ACLK in module mbdesign_microblaze_0_axi_periph_1 is either unconnected or has no load
WARNING: [Synth 8-7129] Port M02_ARESETN in module mbdesign_microblaze_0_axi_periph_1 is either unconnected or has no load
WARNING: [Synth 8-7129] Port S00_ACLK in module mbdesign_microblaze_0_axi_periph_1 is either unconnected or has no load
WARNING: [Synth 8-7129] Port S00_ARESETN in module mbdesign_microblaze_0_axi_periph_1 is either unconnected or has no load
---------------------------------------------------------------------------------
Finished RTL Elaboration : Time (s): cpu = 00:00:07 ; elapsed = 00:00:08 . Memory (MB): peak = 1838.215 ; gain = 509.895
---------------------------------------------------------------------------------
---------------------------------------------------------------------------------
Start Handling Custom Attributes
---------------------------------------------------------------------------------
---------------------------------------------------------------------------------
Finished Handling Custom Attributes : Time (s): cpu = 00:00:07 ; elapsed = 00:00:08 . Memory (MB): peak = 1838.215 ; gain = 509.895
---------------------------------------------------------------------------------
---------------------------------------------------------------------------------
Finished RTL Optimization Phase 1 : Time (s): cpu = 00:00:07 ; elapsed = 00:00:08 . Memory (MB): peak = 1838.215 ; gain = 509.895
---------------------------------------------------------------------------------
Netlist sorting complete. Time (s): cpu = 00:00:00 ; elapsed = 00:00:00.028 . Memory (MB): peak = 1838.215 ; gain = 0.000
INFO: [Project 1-570] Preparing netlist for logic optimization

Processing XDC Constraints
Initializing timing engine
Parsing XDC File [c:/Users/tekpun/Desktop/Microblazedigitalstopwatch/microblazedigital/microblazedigital.gen/sources_1/bd/mbdesign/ip/mbdesign_microblaze_0_0/mbdesign_microblaze_0_0/mbdesign_microblaze_0_0_in_context.xdc] for cell 'mbdesign_i/microblaze_0'
Finished Parsing XDC File [c:/Users/tekpun/Desktop/Microblazedigitalstopwatch/microblazedigital/microblazedigital.gen/sources_1/bd/mbdesign/ip/mbdesign_microblaze_0_0/mbdesign_microblaze_0_0/mbdesign_microblaze_0_0_in_context.xdc] for cell 'mbdesign_i/microblaze_0'
Parsing XDC File [c:/Users/tekpun/Desktop/Microblazedigitalstopwatch/microblazedigital/microblazedigital.gen/sources_1/bd/mbdesign/ip/mbdesign_dlmb_v10_0/mbdesign_dlmb_v10_0/mbdesign_dlmb_v10_0_in_context.xdc] for cell 'mbdesign_i/microblaze_0_local_memory/dlmb_v10'
Finished Parsing XDC File [c:/Users/tekpun/Desktop/Microblazedigitalstopwatch/microblazedigital/microblazedigital.gen/sources_1/bd/mbdesign/ip/mbdesign_dlmb_v10_0/mbdesign_dlmb_v10_0/mbdesign_dlmb_v10_0_in_context.xdc] for cell 'mbdesign_i/microblaze_0_local_memory/dlmb_v10'
Parsing XDC File [c:/Users/tekpun/Desktop/Microblazedigitalstopwatch/microblazedigital/microblazedigital.gen/sources_1/bd/mbdesign/ip/mbdesign_ilmb_v10_0/mbdesign_ilmb_v10_0/mbdesign_dlmb_v10_0_in_context.xdc] for cell 'mbdesign_i/microblaze_0_local_memory/ilmb_v10'
Finished Parsing XDC File [c:/Users/tekpun/Desktop/Microblazedigitalstopwatch/microblazedigital/microblazedigital.gen/sources_1/bd/mbdesign/ip/mbdesign_ilmb_v10_0/mbdesign_ilmb_v10_0/mbdesign_dlmb_v10_0_in_context.xdc] for cell 'mbdesign_i/microblaze_0_local_memory/ilmb_v10'
Parsing XDC File [c:/Users/tekpun/Desktop/Microblazedigitalstopwatch/microblazedigital/microblazedigital.gen/sources_1/bd/mbdesign/ip/mbdesign_dlmb_bram_if_cntlr_0/mbdesign_dlmb_bram_if_cntlr_0/mbdesign_dlmb_bram_if_cntlr_0_in_context.xdc] for cell 'mbdesign_i/microblaze_0_local_memory/dlmb_bram_if_cntlr'
Finished Parsing XDC File [c:/Users/tekpun/Desktop/Microblazedigitalstopwatch/microblazedigital/microblazedigital.gen/sources_1/bd/mbdesign/ip/mbdesign_dlmb_bram_if_cntlr_0/mbdesign_dlmb_bram_if_cntlr_0/mbdesign_dlmb_bram_if_cntlr_0_in_context.xdc] for cell 'mbdesign_i/microblaze_0_local_memory/dlmb_bram_if_cntlr'
Parsing XDC File [c:/Users/tekpun/Desktop/Microblazedigitalstopwatch/microblazedigital/microblazedigital.gen/sources_1/bd/mbdesign/ip/mbdesign_ilmb_bram_if_cntlr_0/mbdesign_ilmb_bram_if_cntlr_0/mbdesign_ilmb_bram_if_cntlr_0_in_context.xdc] for cell 'mbdesign_i/microblaze_0_local_memory/ilmb_bram_if_cntlr'
Finished Parsing XDC File [c:/Users/tekpun/Desktop/Microblazedigitalstopwatch/microblazedigital/microblazedigital.gen/sources_1/bd/mbdesign/ip/mbdesign_ilmb_bram_if_cntlr_0/mbdesign_ilmb_bram_if_cntlr_0/mbdesign_ilmb_bram_if_cntlr_0_in_context.xdc] for cell 'mbdesign_i/microblaze_0_local_memory/ilmb_bram_if_cntlr'
Parsing XDC File [c:/Users/tekpun/Desktop/Microblazedigitalstopwatch/microblazedigital/microblazedigital.gen/sources_1/bd/mbdesign/ip/mbdesign_lmb_bram_0/mbdesign_lmb_bram_0/mbdesign_lmb_bram_0_in_context.xdc] for cell 'mbdesign_i/microblaze_0_local_memory/lmb_bram'
Finished Parsing XDC File [c:/Users/tekpun/Desktop/Microblazedigitalstopwatch/microblazedigital/microblazedigital.gen/sources_1/bd/mbdesign/ip/mbdesign_lmb_bram_0/mbdesign_lmb_bram_0/mbdesign_lmb_bram_0_in_context.xdc] for cell 'mbdesign_i/microblaze_0_local_memory/lmb_bram'
Parsing XDC File [c:/Users/tekpun/Desktop/Microblazedigitalstopwatch/microblazedigital/microblazedigital.gen/sources_1/bd/mbdesign/ip/mbdesign_mdm_1_0/mbdesign_mdm_1_0/mbdesign_mdm_1_0_in_context.xdc] for cell 'mbdesign_i/mdm_1'
Finished Parsing XDC File [c:/Users/tekpun/Desktop/Microblazedigitalstopwatch/microblazedigital/microblazedigital.gen/sources_1/bd/mbdesign/ip/mbdesign_mdm_1_0/mbdesign_mdm_1_0/mbdesign_mdm_1_0_in_context.xdc] for cell 'mbdesign_i/mdm_1'
Parsing XDC File [c:/Users/tekpun/Desktop/Microblazedigitalstopwatch/microblazedigital/microblazedigital.gen/sources_1/bd/mbdesign/ip/mbdesign_clk_wiz_1_0/mbdesign_clk_wiz_1_0/mbdesign_clk_wiz_1_0_in_context.xdc] for cell 'mbdesign_i/clk_wiz_1'
Finished Parsing XDC File [c:/Users/tekpun/Desktop/Microblazedigitalstopwatch/microblazedigital/microblazedigital.gen/sources_1/bd/mbdesign/ip/mbdesign_clk_wiz_1_0/mbdesign_clk_wiz_1_0/mbdesign_clk_wiz_1_0_in_context.xdc] for cell 'mbdesign_i/clk_wiz_1'
Parsing XDC File [c:/Users/tekpun/Desktop/Microblazedigitalstopwatch/microblazedigital/microblazedigital.gen/sources_1/bd/mbdesign/ip/mbdesign_rst_clk_wiz_1_100M_0/mbdesign_rst_clk_wiz_1_100M_0/mbdesign_rst_clk_wiz_1_100M_0_in_context.xdc] for cell 'mbdesign_i/rst_clk_wiz_1_100M'
Finished Parsing XDC File [c:/Users/tekpun/Desktop/Microblazedigitalstopwatch/microblazedigital/microblazedigital.gen/sources_1/bd/mbdesign/ip/mbdesign_rst_clk_wiz_1_100M_0/mbdesign_rst_clk_wiz_1_100M_0/mbdesign_rst_clk_wiz_1_100M_0_in_context.xdc] for cell 'mbdesign_i/rst_clk_wiz_1_100M'
Parsing XDC File [c:/Users/tekpun/Desktop/Microblazedigitalstopwatch/microblazedigital/microblazedigital.gen/sources_1/bd/mbdesign/ip/mbdesign_axi_uartlite_0_2/mbdesign_axi_uartlite_0_2/mbdesign_axi_uartlite_0_2_in_context.xdc] for cell 'mbdesign_i/axi_uartlite_0'
Finished Parsing XDC File [c:/Users/tekpun/Desktop/Microblazedigitalstopwatch/microblazedigital/microblazedigital.gen/sources_1/bd/mbdesign/ip/mbdesign_axi_uartlite_0_2/mbdesign_axi_uartlite_0_2/mbdesign_axi_uartlite_0_2_in_context.xdc] for cell 'mbdesign_i/axi_uartlite_0'
Parsing XDC File [c:/Users/tekpun/Desktop/Microblazedigitalstopwatch/microblazedigital/microblazedigital.gen/sources_1/bd/mbdesign/ip/mbdesign_axi_timer_0_1/mbdesign_axi_timer_0_1/mbdesign_axi_timer_0_1_in_context.xdc] for cell 'mbdesign_i/axi_timer_0'
Finished Parsing XDC File [c:/Users/tekpun/Desktop/Microblazedigitalstopwatch/microblazedigital/microblazedigital.gen/sources_1/bd/mbdesign/ip/mbdesign_axi_timer_0_1/mbdesign_axi_timer_0_1/mbdesign_axi_timer_0_1_in_context.xdc] for cell 'mbdesign_i/axi_timer_0'
Parsing XDC File [c:/Users/tekpun/Desktop/Microblazedigitalstopwatch/microblazedigital/microblazedigital.gen/sources_1/bd/mbdesign/ip/mbdesign_dig_stopwatch_0_0/mbdesign_dig_stopwatch_0_0/mbdesign_dig_stopwatch_0_0_in_context.xdc] for cell 'mbdesign_i/dig_stopwatch_0'
Finished Parsing XDC File [c:/Users/tekpun/Desktop/Microblazedigitalstopwatch/microblazedigital/microblazedigital.gen/sources_1/bd/mbdesign/ip/mbdesign_dig_stopwatch_0_0/mbdesign_dig_stopwatch_0_0/mbdesign_dig_stopwatch_0_0_in_context.xdc] for cell 'mbdesign_i/dig_stopwatch_0'
Parsing XDC File [c:/Users/tekpun/Desktop/Microblazedigitalstopwatch/microblazedigital/microblazedigital.gen/sources_1/bd/mbdesign/ip/mbdesign_xbar_0/mbdesign_xbar_0/mbdesign_xbar_0_in_context.xdc] for cell 'mbdesign_i/microblaze_0_axi_periph/xbar'
Finished Parsing XDC File [c:/Users/tekpun/Desktop/Microblazedigitalstopwatch/microblazedigital/microblazedigital.gen/sources_1/bd/mbdesign/ip/mbdesign_xbar_0/mbdesign_xbar_0/mbdesign_xbar_0_in_context.xdc] for cell 'mbdesign_i/microblaze_0_axi_periph/xbar'
Parsing XDC File [C:/Users/tekpun/Desktop/Microblazedigitalstopwatch/microblazedigital/Nexys4DDR_Master.xdc]
WARNING: [Vivado 12-584] No ports matched 'EN[0]'. [C:/Users/tekpun/Desktop/Microblazedigitalstopwatch/microblazedigital/Nexys4DDR_Master.xdc:69]
WARNING: [Vivado 12-584] No ports matched 'EN[1]'. [C:/Users/tekpun/Desktop/Microblazedigitalstopwatch/microblazedigital/Nexys4DDR_Master.xdc:70]
WARNING: [Vivado 12-584] No ports matched 'EN[2]'. [C:/Users/tekpun/Desktop/Microblazedigitalstopwatch/microblazedigital/Nexys4DDR_Master.xdc:71]
WARNING: [Vivado 12-584] No ports matched 'EN[3]'. [C:/Users/tekpun/Desktop/Microblazedigitalstopwatch/microblazedigital/Nexys4DDR_Master.xdc:72]
WARNING: [Vivado 12-584] No ports matched 'EN[4]'. [C:/Users/tekpun/Desktop/Microblazedigitalstopwatch/microblazedigital/Nexys4DDR_Master.xdc:73]
WARNING: [Vivado 12-584] No ports matched 'EN[5]'. [C:/Users/tekpun/Desktop/Microblazedigitalstopwatch/microblazedigital/Nexys4DDR_Master.xdc:74]
WARNING: [Vivado 12-584] No ports matched 'EN[6]'. [C:/Users/tekpun/Desktop/Microblazedigitalstopwatch/microblazedigital/Nexys4DDR_Master.xdc:75]
WARNING: [Vivado 12-584] No ports matched 'EN[7]'. [C:/Users/tekpun/Desktop/Microblazedigitalstopwatch/microblazedigital/Nexys4DDR_Master.xdc:76]
Finished Parsing XDC File [C:/Users/tekpun/Desktop/Microblazedigitalstopwatch/microblazedigital/Nexys4DDR_Master.xdc]
WARNING: [Project 1-498] One or more constraints failed evaluation while reading constraint file [C:/Users/tekpun/Desktop/Microblazedigitalstopwatch/microblazedigital/Nexys4DDR_Master.xdc] and the design contains unresolved black boxes. These constraints will be read post-synthesis (as long as their source constraint file is marked as used_in_implementation) and should be applied correctly then. You should review the constraints listed in the file [.Xil/mbdesign_wrapper_propImpl.xdc] and check the run log file to verify that these constraints were correctly applied.
INFO: [Project 1-236] Implementation specific constraints were found while reading constraint file [C:/Users/tekpun/Desktop/Microblazedigitalstopwatch/microblazedigital/Nexys4DDR_Master.xdc]. These constraints will be ignored for synthesis but will be used in implementation. Impacted constraints are listed in the file [.Xil/mbdesign_wrapper_propImpl.xdc].
Resolution: To avoid this warning, move constraints listed in [.Xil/mbdesign_wrapper_propImpl.xdc] to another XDC file and exclude this new file from synthesis with the used_in_synthesis property (File Properties dialog in GUI) and re-run elaboration/synthesis.
Parsing XDC File [C:/Users/tekpun/Desktop/Microblazedigitalstopwatch/microblazedigital/microblazedigital.runs/synth_1/dont_touch.xdc]
Finished Parsing XDC File [C:/Users/tekpun/Desktop/Microblazedigitalstopwatch/microblazedigital/microblazedigital.runs/synth_1/dont_touch.xdc]
Completed Processing XDC Constraints

Netlist sorting complete. Time (s): cpu = 00:00:00 ; elapsed = 00:00:00.001 . Memory (MB): peak = 1838.215 ; gain = 0.000
INFO: [Project 1-111] Unisim Transformation Summary:
No Unisim elements were transformed.

Constraint Validation Runtime : Time (s): cpu = 00:00:00 ; elapsed = 00:00:00.005 . Memory (MB): peak = 1838.215 ; gain = 0.000
WARNING: [Timing 38-316] Clock period '20.000' specified during out-of-context synthesis of instance 'mbdesign_i/microblaze_0_local_memory/lmb_bram' at clock pin 'clka' is different from the actual clock period '10.000', this can lead to different synthesis results.
INFO: [Designutils 20-5440] No compile time benefit to using incremental synthesis; A full resynthesis will be run
INFO: [Designutils 20-4379] Flow is switching to default flow due to incremental criteria not met. If you would like to alter this behaviour and have the flow terminate instead, please set the following parameter config_implementation {autoIncr.Synth.RejectBehavior Terminate}
INFO: [Synth 8-11241] undeclared symbol 'REGCCE', assumed default net type 'wire' [C:/Xilinx/Vivado/2022.2/data/verilog/src/unimacro/BRAM_SINGLE_MACRO.v:2170]
---------------------------------------------------------------------------------
Finished Constraint Validation : Time (s): cpu = 00:00:15 ; elapsed = 00:00:17 . Memory (MB): peak = 1838.215 ; gain = 509.895
---------------------------------------------------------------------------------
---------------------------------------------------------------------------------
Start Loading Part and Timing Information
---------------------------------------------------------------------------------
Loading part: xc7a100tcsg324-1
---------------------------------------------------------------------------------
Finished Loading Part and Timing Information : Time (s): cpu = 00:00:15 ; elapsed = 00:00:17 . Memory (MB): peak = 1838.215 ; gain = 509.895
---------------------------------------------------------------------------------
---------------------------------------------------------------------------------
Start Applying 'set_property' XDC Constraints
---------------------------------------------------------------------------------
Applied set_property IO_BUFFER_TYPE = NONE for sys_clock. (constraint file  c:/Users/tekpun/Desktop/Microblazedigitalstopwatch/microblazedigital/microblazedigital.gen/sources_1/bd/mbdesign/ip/mbdesign_clk_wiz_1_0/mbdesign_clk_wiz_1_0/mbdesign_clk_wiz_1_0_in_context.xdc, line 3).
Applied set_property CLOCK_BUFFER_TYPE = NONE for sys_clock. (constraint file  c:/Users/tekpun/Desktop/Microblazedigitalstopwatch/microblazedigital/microblazedigital.gen/sources_1/bd/mbdesign/ip/mbdesign_clk_wiz_1_0/mbdesign_clk_wiz_1_0/mbdesign_clk_wiz_1_0_in_context.xdc, line 4).
Applied set_property KEEP_HIERARCHY = SOFT for mbdesign_i. (constraint file  auto generated constraint).
Applied set_property KEEP_HIERARCHY = SOFT for mbdesign_i/microblaze_0. (constraint file  auto generated constraint).
Applied set_property KEEP_HIERARCHY = SOFT for mbdesign_i/microblaze_0_local_memory/dlmb_v10. (constraint file  auto generated constraint).
Applied set_property KEEP_HIERARCHY = SOFT for mbdesign_i/microblaze_0_local_memory/ilmb_v10. (constraint file  auto generated constraint).
Applied set_property KEEP_HIERARCHY = SOFT for mbdesign_i/microblaze_0_local_memory/dlmb_bram_if_cntlr. (constraint file  auto generated constraint).
Applied set_property KEEP_HIERARCHY = SOFT for mbdesign_i/microblaze_0_local_memory/ilmb_bram_if_cntlr. (constraint file  auto generated constraint).
Applied set_property KEEP_HIERARCHY = SOFT for mbdesign_i/microblaze_0_local_memory/lmb_bram. (constraint file  auto generated constraint).
Applied set_property KEEP_HIERARCHY = SOFT for mbdesign_i/mdm_1. (constraint file  auto generated constraint).
Applied set_property KEEP_HIERARCHY = SOFT for mbdesign_i/clk_wiz_1. (constraint file  auto generated constraint).
Applied set_property KEEP_HIERARCHY = SOFT for mbdesign_i/rst_clk_wiz_1_100M. (constraint file  auto generated constraint).
Applied set_property KEEP_HIERARCHY = SOFT for mbdesign_i/axi_uartlite_0. (constraint file  auto generated constraint).
Applied set_property KEEP_HIERARCHY = SOFT for mbdesign_i/axi_timer_0. (constraint file  auto generated constraint).
Applied set_property KEEP_HIERARCHY = SOFT for mbdesign_i/dig_stopwatch_0. (constraint file  auto generated constraint).
Applied set_property KEEP_HIERARCHY = SOFT for mbdesign_i/microblaze_0_axi_periph/xbar. (constraint file  auto generated constraint).
Applied set_property KEEP_HIERARCHY = SOFT for mbdesign_i/microblaze_0_axi_periph. (constraint file  auto generated constraint).
---------------------------------------------------------------------------------
Finished applying 'set_property' XDC Constraints : Time (s): cpu = 00:00:15 ; elapsed = 00:00:17 . Memory (MB): peak = 1838.215 ; gain = 509.895
---------------------------------------------------------------------------------
---------------------------------------------------------------------------------
Finished RTL Optimization Phase 2 : Time (s): cpu = 00:00:15 ; elapsed = 00:00:17 . Memory (MB): peak = 1838.215 ; gain = 509.895
---------------------------------------------------------------------------------
---------------------------------------------------------------------------------
Start RTL Component Statistics 
---------------------------------------------------------------------------------
Detailed RTL Component Info : 
---------------------------------------------------------------------------------
Finished RTL Component Statistics 
---------------------------------------------------------------------------------
---------------------------------------------------------------------------------
Start Part Resource Summary
---------------------------------------------------------------------------------
Part Resources:
DSPs: 240 (col length:80)
BRAMs: 270 (col length: RAMB18 80 RAMB36 40)
---------------------------------------------------------------------------------
Finished Part Resource Summary
---------------------------------------------------------------------------------
---------------------------------------------------------------------------------
Start Cross Boundary and Area Optimization
---------------------------------------------------------------------------------
WARNING: [Synth 8-7080] Parallel synthesis criteria is not met
WARNING: [Synth 8-7129] Port M00_ACLK in module mbdesign_microblaze_0_axi_periph_1 is either unconnected or has no load
WARNING: [Synth 8-7129] Port M00_ARESETN in module mbdesign_microblaze_0_axi_periph_1 is either unconnected or has no load
WARNING: [Synth 8-7129] Port M01_ACLK in module mbdesign_microblaze_0_axi_periph_1 is either unconnected or has no load
WARNING: [Synth 8-7129] Port M01_ARESETN in module mbdesign_microblaze_0_axi_periph_1 is either unconnected or has no load
WARNING: [Synth 8-7129] Port M02_ACLK in module mbdesign_microblaze_0_axi_periph_1 is either unconnected or has no load
WARNING: [Synth 8-7129] Port M02_ARESETN in module mbdesign_microblaze_0_axi_periph_1 is either unconnected or has no load
WARNING: [Synth 8-7129] Port S00_ACLK in module mbdesign_microblaze_0_axi_periph_1 is either unconnected or has no load
WARNING: [Synth 8-7129] Port S00_ARESETN in module mbdesign_microblaze_0_axi_periph_1 is either unconnected or has no load
---------------------------------------------------------------------------------
Finished Cross Boundary and Area Optimization : Time (s): cpu = 00:00:17 ; elapsed = 00:00:19 . Memory (MB): peak = 1838.215 ; gain = 509.895
---------------------------------------------------------------------------------
---------------------------------------------------------------------------------
Start Applying XDC Timing Constraints
---------------------------------------------------------------------------------
---------------------------------------------------------------------------------
Finished Applying XDC Timing Constraints : Time (s): cpu = 00:00:22 ; elapsed = 00:00:25 . Memory (MB): peak = 1838.215 ; gain = 509.895
---------------------------------------------------------------------------------
---------------------------------------------------------------------------------
Start Timing Optimization
---------------------------------------------------------------------------------
---------------------------------------------------------------------------------
Finished Timing Optimization : Time (s): cpu = 00:00:22 ; elapsed = 00:00:25 . Memory (MB): peak = 1838.215 ; gain = 509.895
---------------------------------------------------------------------------------
---------------------------------------------------------------------------------
Start Technology Mapping
---------------------------------------------------------------------------------
---------------------------------------------------------------------------------
Finished Technology Mapping : Time (s): cpu = 00:00:22 ; elapsed = 00:00:25 . Memory (MB): peak = 1838.215 ; gain = 509.895
---------------------------------------------------------------------------------
---------------------------------------------------------------------------------
Start IO Insertion
---------------------------------------------------------------------------------
---------------------------------------------------------------------------------
Start Flattening Before IO Insertion
---------------------------------------------------------------------------------
---------------------------------------------------------------------------------
Finished Flattening Before IO Insertion
---------------------------------------------------------------------------------
---------------------------------------------------------------------------------
Start Final Netlist Cleanup
---------------------------------------------------------------------------------
---------------------------------------------------------------------------------
Finished Final Netlist Cleanup
---------------------------------------------------------------------------------
---------------------------------------------------------------------------------
Finished IO Insertion : Time (s): cpu = 00:00:27 ; elapsed = 00:00:30 . Memory (MB): peak = 1838.215 ; gain = 509.895
---------------------------------------------------------------------------------
---------------------------------------------------------------------------------
Start Renaming Generated Instances
---------------------------------------------------------------------------------
---------------------------------------------------------------------------------
Finished Renaming Generated Instances : Time (s): cpu = 00:00:27 ; elapsed = 00:00:30 . Memory (MB): peak = 1838.215 ; gain = 509.895
---------------------------------------------------------------------------------
---------------------------------------------------------------------------------
Start Rebuilding User Hierarchy
---------------------------------------------------------------------------------
---------------------------------------------------------------------------------
Finished Rebuilding User Hierarchy : Time (s): cpu = 00:00:27 ; elapsed = 00:00:30 . Memory (MB): peak = 1838.215 ; gain = 509.895
---------------------------------------------------------------------------------
---------------------------------------------------------------------------------
Start Renaming Generated Ports
---------------------------------------------------------------------------------
---------------------------------------------------------------------------------
Finished Renaming Generated Ports : Time (s): cpu = 00:00:27 ; elapsed = 00:00:30 . Memory (MB): peak = 1838.215 ; gain = 509.895
---------------------------------------------------------------------------------
---------------------------------------------------------------------------------
Start Handling Custom Attributes
---------------------------------------------------------------------------------
---------------------------------------------------------------------------------
Finished Handling Custom Attributes : Time (s): cpu = 00:00:27 ; elapsed = 00:00:30 . Memory (MB): peak = 1838.215 ; gain = 509.895
---------------------------------------------------------------------------------
---------------------------------------------------------------------------------
Start Renaming Generated Nets
---------------------------------------------------------------------------------
---------------------------------------------------------------------------------
Finished Renaming Generated Nets : Time (s): cpu = 00:00:27 ; elapsed = 00:00:30 . Memory (MB): peak = 1838.215 ; gain = 509.895
---------------------------------------------------------------------------------
---------------------------------------------------------------------------------
Start Writing Synthesis Report
---------------------------------------------------------------------------------

Report BlackBoxes: 
+------+------------------------------+----------+
|      |BlackBox name                 |Instances |
+------+------------------------------+----------+
|1     |mbdesign_xbar_0               |         1|
|2     |mbdesign_axi_timer_0_1        |         1|
|3     |mbdesign_axi_uartlite_0_2     |         1|
|4     |mbdesign_clk_wiz_1_0          |         1|
|5     |mbdesign_dig_stopwatch_0_0    |         1|
|6     |mbdesign_mdm_1_0              |         1|
|7     |mbdesign_microblaze_0_0       |         1|
|8     |mbdesign_rst_clk_wiz_1_100M_0 |         1|
|9     |mbdesign_dlmb_bram_if_cntlr_0 |         1|
|10    |mbdesign_dlmb_v10_0           |         1|
|11    |mbdesign_ilmb_bram_if_cntlr_0 |         1|
|12    |mbdesign_ilmb_v10_0           |         1|
|13    |mbdesign_lmb_bram_0           |         1|
+------+------------------------------+----------+

Report Cell Usage: 
+------+-----------------------------------+------+
|      |Cell                               |Count |
+------+-----------------------------------+------+
|1     |mbdesign_axi_timer_0_1_bbox        |     1|
|2     |mbdesign_axi_uartlite_0_2_bbox     |     1|
|3     |mbdesign_clk_wiz_1_0_bbox          |     1|
|4     |mbdesign_dig_stopwatch_0_0_bbox    |     1|
|5     |mbdesign_dlmb_bram_if_cntlr_0_bbox |     1|
|6     |mbdesign_dlmb_v10_0_bbox           |     1|
|7     |mbdesign_ilmb_bram_if_cntlr_0_bbox |     1|
|8     |mbdesign_ilmb_v10_0_bbox           |     1|
|9     |mbdesign_lmb_bram_0_bbox           |     1|
|10    |mbdesign_mdm_1_0_bbox              |     1|
|11    |mbdesign_microblaze_0_0_bbox       |     1|
|12    |mbdesign_rst_clk_wiz_1_100M_0_bbox |     1|
|13    |mbdesign_xbar_0_bbox               |     1|
|14    |IBUF                               |     3|
|15    |OBUF                               |    16|
+------+-----------------------------------+------+
---------------------------------------------------------------------------------
Finished Writing Synthesis Report : Time (s): cpu = 00:00:27 ; elapsed = 00:00:30 . Memory (MB): peak = 1838.215 ; gain = 509.895
---------------------------------------------------------------------------------
Synthesis finished with 0 errors, 0 critical warnings and 9 warnings.
Synthesis Optimization Runtime : Time (s): cpu = 00:00:18 ; elapsed = 00:00:28 . Memory (MB): peak = 1838.215 ; gain = 509.895
Synthesis Optimization Complete : Time (s): cpu = 00:00:27 ; elapsed = 00:00:30 . Memory (MB): peak = 1838.215 ; gain = 509.895
INFO: [Project 1-571] Translating synthesized netlist
Netlist sorting complete. Time (s): cpu = 00:00:00 ; elapsed = 00:00:00.019 . Memory (MB): peak = 1845.488 ; gain = 0.000
INFO: [Project 1-570] Preparing netlist for logic optimization
INFO: [Opt 31-138] Pushed 0 inverter(s) to 0 load pin(s).
Netlist sorting complete. Time (s): cpu = 00:00:00 ; elapsed = 00:00:00 . Memory (MB): peak = 1853.086 ; gain = 0.000
INFO: [Project 1-111] Unisim Transformation Summary:
No Unisim elements were transformed.

Synth Design complete, checksum: e3926a9f
INFO: [Common 17-83] Releasing license: Synthesis
67 Infos, 44 Warnings, 0 Critical Warnings and 0 Errors encountered.
synth_design completed successfully
synth_design: Time (s): cpu = 00:00:31 ; elapsed = 00:00:36 . Memory (MB): peak = 1853.086 ; gain = 923.133
INFO: [Common 17-1381] The checkpoint 'C:/Users/tekpun/Desktop/Microblazedigitalstopwatch/microblazedigital/microblazedigital.runs/synth_1/mbdesign_wrapper.dcp' has been generated.
INFO: [runtcl-4] Executing : report_utilization -file mbdesign_wrapper_utilization_synth.rpt -pb mbdesign_wrapper_utilization_synth.pb
INFO: [Common 17-206] Exiting Vivado at Mon Jan 29 04:17:52 2024...
